<?xml version="1.0" encoding="UTF-8"?>
<robot generator="Robot 3.1.2 (Python 3.7.5 on win32)" generated="20230511 16:27:48.285" rpa="false">
<suite id="s1" name="JReCommerce" source="C:\Users\mani3359\eclipse-workspace\JReCommerce">
<suite id="s1-s1" name="Tests" source="C:\Users\mani3359\eclipse-workspace\JReCommerce\Tests">
<suite id="s1-s1-s1" name="001 DemoUser" source="C:\Users\mani3359\eclipse-workspace\JReCommerce\Tests\001_DemoUser">
<suite id="s1-s1-s1-s1" name="001 Setup" source="C:\Users\mani3359\eclipse-workspace\JReCommerce\Tests\001_DemoUser\001_Setup.robot">
<test id="s1-s1-s1-s1-t1" name="User registration [faker only]">
<kw name="generate new data with faker library" library="commons">
<kw name="Name Nonbinary" library="FakerLibrary">
<assign>
<var>${displayname}</var>
</assign>
<msg timestamp="20230511 16:27:49.040" level="INFO">${displayname} = Michael Stewart</msg>
<status status="PASS" starttime="20230511 16:27:49.039" endtime="20230511 16:27:49.040"></status>
</kw>
<kw name="First Name" library="FakerLibrary">
<assign>
<var>${firstname}</var>
</assign>
<msg timestamp="20230511 16:27:49.041" level="INFO">${firstname} = Stephen</msg>
<status status="PASS" starttime="20230511 16:27:49.041" endtime="20230511 16:27:49.041"></status>
</kw>
<kw name="Last Name" library="FakerLibrary">
<assign>
<var>${lastname}</var>
</assign>
<msg timestamp="20230511 16:27:49.042" level="INFO">${lastname} = Howard</msg>
<status status="PASS" starttime="20230511 16:27:49.041" endtime="20230511 16:27:49.042"></status>
</kw>
<kw name="Email" library="FakerLibrary">
<assign>
<var>${email}</var>
</assign>
<msg timestamp="20230511 16:27:49.043" level="INFO">${email} = edwarddavis@example.com</msg>
<status status="PASS" starttime="20230511 16:27:49.042" endtime="20230511 16:27:49.043"></status>
</kw>
<kw name="Phone Number" library="FakerLibrary">
<assign>
<var>${phone}</var>
</assign>
<msg timestamp="20230511 16:27:49.045" level="INFO">${phone} = (819)488-6733x40121</msg>
<status status="PASS" starttime="20230511 16:27:49.043" endtime="20230511 16:27:49.045"></status>
</kw>
<kw name="Password" library="FakerLibrary">
<doc>Generate a random password of the specified ``length``.</doc>
<assign>
<var>${password}</var>
</assign>
<msg timestamp="20230511 16:27:49.046" level="INFO">${password} = HLf+7Rkz@G</msg>
<status status="PASS" starttime="20230511 16:27:49.045" endtime="20230511 16:27:49.046"></status>
</kw>
<kw name="Text" library="FakerLibrary">
<doc>Generate a text string.</doc>
<assign>
<var>${description}</var>
</assign>
<msg timestamp="20230511 16:27:49.047" level="INFO">${description} = Accept road building stage employee. Check less middle available. Side out so threat including sea.
Again save point wish use election. Seem offer meet. Her stop trial.</msg>
<status status="PASS" starttime="20230511 16:27:49.046" endtime="20230511 16:27:49.047"></status>
</kw>
<kw name="Random Letters" library="FakerLibrary">
<doc>Generate a list of random ASCII letters (a-z and A-Z) of the specified ``length``.</doc>
<assign>
<var>${productname}</var>
</assign>
<msg timestamp="20230511 16:27:49.047" level="INFO">${productname} = ['K', 'n', 'w', 'T', 'H', 'I', 'z', 'e', 'w', 'V', 'w', 'N', 'X', 'V', 'h', 'd']</msg>
<status status="PASS" starttime="20230511 16:27:49.047" endtime="20230511 16:27:49.047"></status>
</kw>
<kw name="Paragraph" library="FakerLibrary">
<doc>Generate a paragraph.</doc>
<assign>
<var>${metatitle}</var>
</assign>
<msg timestamp="20230511 16:27:49.048" level="INFO">${metatitle} = There marriage travel music indicate agreement section recently.</msg>
<status status="PASS" starttime="20230511 16:27:49.048" endtime="20230511 16:27:49.048"></status>
</kw>
<kw name="Random Digit Not Null" library="FakerLibrary">
<doc>Generate a random non-zero digit (1 to 9).</doc>
<assign>
<var>${model}</var>
</assign>
<msg timestamp="20230511 16:27:49.049" level="INFO">${model} = 1</msg>
<status status="PASS" starttime="20230511 16:27:49.049" endtime="20230511 16:27:49.049"></status>
</kw>
<kw name="Set Global Variable" library="BuiltIn">
<doc>Makes a variable available globally in all tests and suites.</doc>
<arguments>
<arg>${description}</arg>
</arguments>
<msg timestamp="20230511 16:27:49.050" level="INFO">${description} = Accept road building stage employee. Check less middle available. Side out so threat including sea.
Again save point wish use election. Seem offer meet. Her stop trial.</msg>
<status status="PASS" starttime="20230511 16:27:49.049" endtime="20230511 16:27:49.050"></status>
</kw>
<kw name="Set Global Variable" library="BuiltIn">
<doc>Makes a variable available globally in all tests and suites.</doc>
<arguments>
<arg>${displayname}</arg>
</arguments>
<msg timestamp="20230511 16:27:49.051" level="INFO">${displayname} = Michael Stewart</msg>
<status status="PASS" starttime="20230511 16:27:49.050" endtime="20230511 16:27:49.051"></status>
</kw>
<kw name="Set Global Variable" library="BuiltIn">
<doc>Makes a variable available globally in all tests and suites.</doc>
<arguments>
<arg>${firstname}</arg>
</arguments>
<msg timestamp="20230511 16:27:49.051" level="INFO">${firstname} = Stephen</msg>
<status status="PASS" starttime="20230511 16:27:49.051" endtime="20230511 16:27:49.052"></status>
</kw>
<kw name="Set Global Variable" library="BuiltIn">
<doc>Makes a variable available globally in all tests and suites.</doc>
<arguments>
<arg>${lastname}</arg>
</arguments>
<msg timestamp="20230511 16:27:49.052" level="INFO">${lastname} = Howard</msg>
<status status="PASS" starttime="20230511 16:27:49.052" endtime="20230511 16:27:49.052"></status>
</kw>
<kw name="Set Global Variable" library="BuiltIn">
<doc>Makes a variable available globally in all tests and suites.</doc>
<arguments>
<arg>${email}</arg>
</arguments>
<msg timestamp="20230511 16:27:49.053" level="INFO">${email} = edwarddavis@example.com</msg>
<status status="PASS" starttime="20230511 16:27:49.053" endtime="20230511 16:27:49.053"></status>
</kw>
<kw name="Set Global Variable" library="BuiltIn">
<doc>Makes a variable available globally in all tests and suites.</doc>
<arguments>
<arg>${phone}</arg>
</arguments>
<msg timestamp="20230511 16:27:49.054" level="INFO">${phone} = (819)488-6733x40121</msg>
<status status="PASS" starttime="20230511 16:27:49.053" endtime="20230511 16:27:49.054"></status>
</kw>
<kw name="Set Global Variable" library="BuiltIn">
<doc>Makes a variable available globally in all tests and suites.</doc>
<arguments>
<arg>${password}</arg>
</arguments>
<msg timestamp="20230511 16:27:49.055" level="INFO">${password} = HLf+7Rkz@G</msg>
<status status="PASS" starttime="20230511 16:27:49.054" endtime="20230511 16:27:49.055"></status>
</kw>
<kw name="Set Global Variable" library="BuiltIn">
<doc>Makes a variable available globally in all tests and suites.</doc>
<arguments>
<arg>${productname}</arg>
</arguments>
<msg timestamp="20230511 16:27:49.056" level="INFO">${productname} = ['K', 'n', 'w', 'T', 'H', 'I', 'z', 'e', 'w', 'V', 'w', 'N', 'X', 'V', 'h', 'd']</msg>
<status status="PASS" starttime="20230511 16:27:49.055" endtime="20230511 16:27:49.056"></status>
</kw>
<kw name="Set Global Variable" library="BuiltIn">
<doc>Makes a variable available globally in all tests and suites.</doc>
<arguments>
<arg>${metatitle}</arg>
</arguments>
<msg timestamp="20230511 16:27:49.056" level="INFO">${metatitle} = There marriage travel music indicate agreement section recently.</msg>
<status status="PASS" starttime="20230511 16:27:49.056" endtime="20230511 16:27:49.057"></status>
</kw>
<kw name="Set Global Variable" library="BuiltIn">
<doc>Makes a variable available globally in all tests and suites.</doc>
<arguments>
<arg>${model}</arg>
</arguments>
<msg timestamp="20230511 16:27:49.057" level="INFO">${model} = 1</msg>
<status status="PASS" starttime="20230511 16:27:49.057" endtime="20230511 16:27:49.057"></status>
</kw>
<status status="PASS" starttime="20230511 16:27:49.039" endtime="20230511 16:27:49.058"></status>
</kw>
<status status="PASS" starttime="20230511 16:27:49.038" endtime="20230511 16:27:49.058" critical="yes"></status>
</test>
<test id="s1-s1-s1-s1-t2" name="wrong credentials check">
<kw name="setup the browser" library="commons">
<kw name="Evaluate" library="BuiltIn">
<doc>Evaluates the given expression in Python and returns the results.</doc>
<arguments>
<arg>sys.modules['selenium.webdriver'].ChromeOptions()</arg>
<arg>sys, selenium.webdriver</arg>
</arguments>
<assign>
<var>${options}</var>
</assign>
<msg timestamp="20230511 16:27:49.063" level="INFO">${options} = &lt;selenium.webdriver.chrome.options.Options object at 0x0000026CF70EAC08&gt;</msg>
<status status="PASS" starttime="20230511 16:27:49.062" endtime="20230511 16:27:49.063"></status>
</kw>
<kw name="Call Method" library="BuiltIn">
<doc>Calls the named method of the given object with the provided arguments.</doc>
<arguments>
<arg>${options}</arg>
<arg>add_argument</arg>
<arg>--disable-blink-features\=AutomationControlled</arg>
</arguments>
<status status="PASS" starttime="20230511 16:27:49.063" endtime="20230511 16:27:49.064"></status>
</kw>
<kw name="Call Method" library="BuiltIn">
<doc>Calls the named method of the given object with the provided arguments.</doc>
<arguments>
<arg>${options}</arg>
<arg>add_argument</arg>
<arg>--disable-extensions</arg>
</arguments>
<status status="PASS" starttime="20230511 16:27:49.064" endtime="20230511 16:27:49.064"></status>
</kw>
<kw name="Call Method" library="BuiltIn">
<doc>Calls the named method of the given object with the provided arguments.</doc>
<arguments>
<arg>${options}</arg>
<arg>add_experimental_option</arg>
<arg>useAutomationExtension</arg>
<arg>${False}</arg>
</arguments>
<status status="PASS" starttime="20230511 16:27:49.065" endtime="20230511 16:27:49.065"></status>
</kw>
<kw name="Create List" library="BuiltIn">
<doc>Returns a list containing given items.</doc>
<arguments>
<arg>enable-automation</arg>
</arguments>
<assign>
<var>${excludeSwitches}</var>
</assign>
<msg timestamp="20230511 16:27:49.065" level="INFO">${excludeSwitches} = ['enable-automation']</msg>
<status status="PASS" starttime="20230511 16:27:49.065" endtime="20230511 16:27:49.066"></status>
</kw>
<kw name="Call Method" library="BuiltIn">
<doc>Calls the named method of the given object with the provided arguments.</doc>
<arguments>
<arg>${options}</arg>
<arg>add_experimental_option</arg>
<arg>excludeSwitches</arg>
<arg>${excludeSwitches}</arg>
</arguments>
<status status="PASS" starttime="20230511 16:27:49.066" endtime="20230511 16:27:49.066"></status>
</kw>
<kw name="Call Method" library="BuiltIn">
<doc>Calls the named method of the given object with the provided arguments.</doc>
<arguments>
<arg>${options}</arg>
<arg>add_argument</arg>
<arg>--start-maximized</arg>
</arguments>
<status status="PASS" starttime="20230511 16:27:49.066" endtime="20230511 16:27:49.066"></status>
</kw>
<kw name="Call Method" library="BuiltIn">
<doc>Calls the named method of the given object with the provided arguments.</doc>
<arguments>
<arg>${options}</arg>
<arg>add_argument</arg>
<arg>--profile-directory\=Default</arg>
</arguments>
<status status="PASS" starttime="20230511 16:27:49.067" endtime="20230511 16:27:49.067"></status>
</kw>
<kw name="Create Webdriver" library="SeleniumLibrary">
<doc>Creates an instance of Selenium WebDriver.</doc>
<arguments>
<arg>Chrome</arg>
<arg>chrome_options=${options}</arg>
</arguments>
<msg timestamp="20230511 16:27:49.067" level="INFO">Creating an instance of the Chrome WebDriver.</msg>
<status status="PASS" starttime="20230511 16:27:49.067" endtime="20230511 16:27:50.323"></status>
</kw>
<kw name="Go To" library="SeleniumLibrary">
<doc>Navigates the active browser instance to the provided ``url``.</doc>
<arguments>
<arg>${url}</arg>
</arguments>
<msg timestamp="20230511 16:27:50.325" level="INFO">Opening url 'https://www.jrecommerce.com/demo.php'</msg>
<status status="PASS" starttime="20230511 16:27:50.324" endtime="20230511 16:28:02.950"></status>
</kw>
<status status="PASS" starttime="20230511 16:27:49.062" endtime="20230511 16:28:02.951"></status>
</kw>
<kw name="Go to customer login/signup page of demo application" library="commons">
<kw name="Click Element" library="commons">
<arguments>
<arg>${customerlogin}</arg>
</arguments>
<kw name="Wait Until Element Is Visible" library="SeleniumLibrary">
<doc>Waits until element ``locator`` is visible.</doc>
<arguments>
<arg>${locator}</arg>
</arguments>
<status status="PASS" starttime="20230511 16:28:02.955" endtime="20230511 16:28:03.017"></status>
</kw>
<kw name="Set Selenium Implicit Wait" library="SeleniumLibrary">
<doc>Sets the implicit wait value used by Selenium.</doc>
<arguments>
<arg>5s</arg>
</arguments>
<status status="PASS" starttime="20230511 16:28:03.018" endtime="20230511 16:28:03.020"></status>
</kw>
<kw name="Scroll Element Into View" library="SeleniumLibrary">
<doc>Scrolls an element identified by ``locator`` into view.</doc>
<arguments>
<arg>${locator}</arg>
</arguments>
<status status="PASS" starttime="20230511 16:28:03.020" endtime="20230511 16:28:03.307"></status>
</kw>
<kw name="Click Element" library="SeleniumLibrary">
<doc>Click element identified by ``locator``.</doc>
<arguments>
<arg>${locator}</arg>
</arguments>
<msg timestamp="20230511 16:28:03.308" level="INFO">Clicking element 'xpath=//a[normalize-space()='Customer Login']'.</msg>
<status status="PASS" starttime="20230511 16:28:03.307" endtime="20230511 16:28:03.439"></status>
</kw>
<status status="PASS" starttime="20230511 16:28:02.954" endtime="20230511 16:28:03.440"></status>
</kw>
<status status="PASS" starttime="20230511 16:28:02.952" endtime="20230511 16:28:03.440"></status>
</kw>
<kw name="Select Window" library="SeleniumLibrary">
<doc>Selects browser window matching ``locator``.</doc>
<arguments>
<arg>NEW</arg>
</arguments>
<status status="PASS" starttime="20230511 16:28:03.441" endtime="20230511 16:28:03.462"></status>
</kw>
<kw name="verify alert" library="001_Setup">
<kw name="Input Text" library="commons">
<arguments>
<arg>${emaillocator}</arg>
<arg>${email}</arg>
</arguments>
<kw name="Wait Until Element Is Visible" library="SeleniumLibrary">
<doc>Waits until element ``locator`` is visible.</doc>
<arguments>
<arg>${locator}</arg>
</arguments>
<status status="PASS" starttime="20230511 16:28:03.464" endtime="20230511 16:28:07.297"></status>
</kw>
<kw name="Scroll Element Into View" library="SeleniumLibrary">
<doc>Scrolls an element identified by ``locator`` into view.</doc>
<arguments>
<arg>${locator}</arg>
</arguments>
<status status="PASS" starttime="20230511 16:28:07.298" endtime="20230511 16:28:07.580"></status>
</kw>
<kw name="Input Text" library="SeleniumLibrary">
<doc>Types the given ``text`` into text field identified by ``locator``.</doc>
<arguments>
<arg>${locator}</arg>
<arg>${data}</arg>
</arguments>
<msg timestamp="20230511 16:28:07.581" level="INFO">Typing text 'edwarddavis@example.com' into text field 'xpath=//input[@id='input-email']'.</msg>
<status status="PASS" starttime="20230511 16:28:07.580" endtime="20230511 16:28:07.714"></status>
</kw>
<status status="PASS" starttime="20230511 16:28:03.463" endtime="20230511 16:28:07.715"></status>
</kw>
<kw name="Input Text" library="commons">
<arguments>
<arg>${passwordlocator}</arg>
<arg>${passwordInvalid}</arg>
</arguments>
<kw name="Wait Until Element Is Visible" library="SeleniumLibrary">
<doc>Waits until element ``locator`` is visible.</doc>
<arguments>
<arg>${locator}</arg>
</arguments>
<status status="PASS" starttime="20230511 16:28:07.716" endtime="20230511 16:28:07.746"></status>
</kw>
<kw name="Scroll Element Into View" library="SeleniumLibrary">
<doc>Scrolls an element identified by ``locator`` into view.</doc>
<arguments>
<arg>${locator}</arg>
</arguments>
<status status="PASS" starttime="20230511 16:28:07.746" endtime="20230511 16:28:08.019"></status>
</kw>
<kw name="Input Text" library="SeleniumLibrary">
<doc>Types the given ``text`` into text field identified by ``locator``.</doc>
<arguments>
<arg>${locator}</arg>
<arg>${data}</arg>
</arguments>
<msg timestamp="20230511 16:28:08.019" level="INFO">Typing text 'xxxxxxxxxx' into text field 'xpath=//input[@id='input-password']'.</msg>
<status status="PASS" starttime="20230511 16:28:08.019" endtime="20230511 16:28:08.128"></status>
</kw>
<status status="PASS" starttime="20230511 16:28:07.715" endtime="20230511 16:28:08.129"></status>
</kw>
<kw name="Click Element" library="commons">
<arguments>
<arg>${custloginbtn}</arg>
</arguments>
<kw name="Wait Until Element Is Visible" library="SeleniumLibrary">
<doc>Waits until element ``locator`` is visible.</doc>
<arguments>
<arg>${locator}</arg>
</arguments>
<status status="PASS" starttime="20230511 16:28:08.131" endtime="20230511 16:28:08.156"></status>
</kw>
<kw name="Set Selenium Implicit Wait" library="SeleniumLibrary">
<doc>Sets the implicit wait value used by Selenium.</doc>
<arguments>
<arg>5s</arg>
</arguments>
<status status="PASS" starttime="20230511 16:28:08.157" endtime="20230511 16:28:08.163"></status>
</kw>
<kw name="Scroll Element Into View" library="SeleniumLibrary">
<doc>Scrolls an element identified by ``locator`` into view.</doc>
<arguments>
<arg>${locator}</arg>
</arguments>
<status status="PASS" starttime="20230511 16:28:08.163" endtime="20230511 16:28:08.453"></status>
</kw>
<kw name="Click Element" library="SeleniumLibrary">
<doc>Click element identified by ``locator``.</doc>
<arguments>
<arg>${locator}</arg>
</arguments>
<msg timestamp="20230511 16:28:08.454" level="INFO">Clicking element '//input[@value='Login']'.</msg>
<status status="PASS" starttime="20230511 16:28:08.453" endtime="20230511 16:28:09.017"></status>
</kw>
<status status="PASS" starttime="20230511 16:28:08.129" endtime="20230511 16:28:09.018"></status>
</kw>
<kw name="Page Should Contain Element" library="SeleniumLibrary">
<doc>Verifies that element ``locator`` is found on the current page.</doc>
<arguments>
<arg>${danger}</arg>
</arguments>
<msg timestamp="20230511 16:28:09.047" level="INFO">Current page contains element '//div[@class='alert alert-danger alert-dismissible']'.</msg>
<status status="PASS" starttime="20230511 16:28:09.018" endtime="20230511 16:28:09.047"></status>
</kw>
<status status="PASS" starttime="20230511 16:28:03.463" endtime="20230511 16:28:09.047"></status>
</kw>
<kw name="Close All Browsers" library="SeleniumLibrary">
<doc>Closes all open browsers and resets the browser cache.</doc>
<status status="PASS" starttime="20230511 16:28:09.048" endtime="20230511 16:28:11.298"></status>
</kw>
<status status="PASS" starttime="20230511 16:27:49.059" endtime="20230511 16:28:11.299" critical="yes"></status>
</test>
<doc>This module is to test the demo user page of JR eCommerce page</doc>
<status status="PASS" starttime="20230511 16:27:48.349" endtime="20230511 16:28:11.300"></status>
</suite>
<suite id="s1-s1-s1-s2" name="002 Purchase" source="C:\Users\mani3359\eclipse-workspace\JReCommerce\Tests\001_DemoUser\002_Purchase.robot">
<test id="s1-s1-s1-s2-t1" name="Add dress into cart">
<kw name="Test Setup testcase for user" library="commons" type="setup">
<kw name="setup the browser" library="commons">
<kw name="Evaluate" library="BuiltIn">
<doc>Evaluates the given expression in Python and returns the results.</doc>
<arguments>
<arg>sys.modules['selenium.webdriver'].ChromeOptions()</arg>
<arg>sys, selenium.webdriver</arg>
</arguments>
<assign>
<var>${options}</var>
</assign>
<msg timestamp="20230511 16:28:11.388" level="INFO">${options} = &lt;selenium.webdriver.chrome.options.Options object at 0x0000026CF730A808&gt;</msg>
<status status="PASS" starttime="20230511 16:28:11.387" endtime="20230511 16:28:11.388"></status>
</kw>
<kw name="Call Method" library="BuiltIn">
<doc>Calls the named method of the given object with the provided arguments.</doc>
<arguments>
<arg>${options}</arg>
<arg>add_argument</arg>
<arg>--disable-blink-features\=AutomationControlled</arg>
</arguments>
<status status="PASS" starttime="20230511 16:28:11.388" endtime="20230511 16:28:11.389"></status>
</kw>
<kw name="Call Method" library="BuiltIn">
<doc>Calls the named method of the given object with the provided arguments.</doc>
<arguments>
<arg>${options}</arg>
<arg>add_argument</arg>
<arg>--disable-extensions</arg>
</arguments>
<status status="PASS" starttime="20230511 16:28:11.389" endtime="20230511 16:28:11.389"></status>
</kw>
<kw name="Call Method" library="BuiltIn">
<doc>Calls the named method of the given object with the provided arguments.</doc>
<arguments>
<arg>${options}</arg>
<arg>add_experimental_option</arg>
<arg>useAutomationExtension</arg>
<arg>${False}</arg>
</arguments>
<status status="PASS" starttime="20230511 16:28:11.389" endtime="20230511 16:28:11.390"></status>
</kw>
<kw name="Create List" library="BuiltIn">
<doc>Returns a list containing given items.</doc>
<arguments>
<arg>enable-automation</arg>
</arguments>
<assign>
<var>${excludeSwitches}</var>
</assign>
<msg timestamp="20230511 16:28:11.390" level="INFO">${excludeSwitches} = ['enable-automation']</msg>
<status status="PASS" starttime="20230511 16:28:11.390" endtime="20230511 16:28:11.390"></status>
</kw>
<kw name="Call Method" library="BuiltIn">
<doc>Calls the named method of the given object with the provided arguments.</doc>
<arguments>
<arg>${options}</arg>
<arg>add_experimental_option</arg>
<arg>excludeSwitches</arg>
<arg>${excludeSwitches}</arg>
</arguments>
<status status="PASS" starttime="20230511 16:28:11.390" endtime="20230511 16:28:11.391"></status>
</kw>
<kw name="Call Method" library="BuiltIn">
<doc>Calls the named method of the given object with the provided arguments.</doc>
<arguments>
<arg>${options}</arg>
<arg>add_argument</arg>
<arg>--start-maximized</arg>
</arguments>
<status status="PASS" starttime="20230511 16:28:11.391" endtime="20230511 16:28:11.392"></status>
</kw>
<kw name="Call Method" library="BuiltIn">
<doc>Calls the named method of the given object with the provided arguments.</doc>
<arguments>
<arg>${options}</arg>
<arg>add_argument</arg>
<arg>--profile-directory\=Default</arg>
</arguments>
<status status="PASS" starttime="20230511 16:28:11.393" endtime="20230511 16:28:11.393"></status>
</kw>
<kw name="Create Webdriver" library="SeleniumLibrary">
<doc>Creates an instance of Selenium WebDriver.</doc>
<arguments>
<arg>Chrome</arg>
<arg>chrome_options=${options}</arg>
</arguments>
<msg timestamp="20230511 16:28:11.394" level="INFO">Creating an instance of the Chrome WebDriver.</msg>
<status status="PASS" starttime="20230511 16:28:11.393" endtime="20230511 16:28:12.668"></status>
</kw>
<kw name="Go To" library="SeleniumLibrary">
<doc>Navigates the active browser instance to the provided ``url``.</doc>
<arguments>
<arg>${url}</arg>
</arguments>
<msg timestamp="20230511 16:28:12.669" level="INFO">Opening url 'https://www.jrecommerce.com/demo.php'</msg>
<status status="PASS" starttime="20230511 16:28:12.669" endtime="20230511 16:28:16.985"></status>
</kw>
<status status="PASS" starttime="20230511 16:28:11.386" endtime="20230511 16:28:16.986"></status>
</kw>
<kw name="Go to customer login/signup page of demo application" library="commons">
<kw name="Click Element" library="commons">
<arguments>
<arg>${customerlogin}</arg>
</arguments>
<kw name="Wait Until Element Is Visible" library="SeleniumLibrary">
<doc>Waits until element ``locator`` is visible.</doc>
<arguments>
<arg>${locator}</arg>
</arguments>
<status status="PASS" starttime="20230511 16:28:16.988" endtime="20230511 16:28:17.061"></status>
</kw>
<kw name="Set Selenium Implicit Wait" library="SeleniumLibrary">
<doc>Sets the implicit wait value used by Selenium.</doc>
<arguments>
<arg>5s</arg>
</arguments>
<status status="PASS" starttime="20230511 16:28:17.062" endtime="20230511 16:28:17.064"></status>
</kw>
<kw name="Scroll Element Into View" library="SeleniumLibrary">
<doc>Scrolls an element identified by ``locator`` into view.</doc>
<arguments>
<arg>${locator}</arg>
</arguments>
<status status="PASS" starttime="20230511 16:28:17.064" endtime="20230511 16:28:17.411"></status>
</kw>
<kw name="Click Element" library="SeleniumLibrary">
<doc>Click element identified by ``locator``.</doc>
<arguments>
<arg>${locator}</arg>
</arguments>
<msg timestamp="20230511 16:28:17.412" level="INFO">Clicking element 'xpath=//a[normalize-space()='Customer Login']'.</msg>
<status status="PASS" starttime="20230511 16:28:17.411" endtime="20230511 16:28:17.537"></status>
</kw>
<status status="PASS" starttime="20230511 16:28:16.987" endtime="20230511 16:28:17.537"></status>
</kw>
<status status="PASS" starttime="20230511 16:28:16.986" endtime="20230511 16:28:17.537"></status>
</kw>
<kw name="Select Window" library="SeleniumLibrary">
<doc>Selects browser window matching ``locator``.</doc>
<arguments>
<arg>NEW</arg>
</arguments>
<status status="PASS" starttime="20230511 16:28:17.538" endtime="20230511 16:28:17.556"></status>
</kw>
<kw name="Input Text" library="commons">
<arguments>
<arg>${emaillocator}</arg>
<arg>${email_manual}</arg>
</arguments>
<kw name="Wait Until Element Is Visible" library="SeleniumLibrary">
<doc>Waits until element ``locator`` is visible.</doc>
<arguments>
<arg>${locator}</arg>
</arguments>
<status status="PASS" starttime="20230511 16:28:17.559" endtime="20230511 16:28:21.283"></status>
</kw>
<kw name="Scroll Element Into View" library="SeleniumLibrary">
<doc>Scrolls an element identified by ``locator`` into view.</doc>
<arguments>
<arg>${locator}</arg>
</arguments>
<status status="PASS" starttime="20230511 16:28:21.283" endtime="20230511 16:28:21.569"></status>
</kw>
<kw name="Input Text" library="SeleniumLibrary">
<doc>Types the given ``text`` into text field identified by ``locator``.</doc>
<arguments>
<arg>${locator}</arg>
<arg>${data}</arg>
</arguments>
<msg timestamp="20230511 16:28:21.570" level="INFO">Typing text 'democustomer@demo.com' into text field 'xpath=//input[@id='input-email']'.</msg>
<status status="PASS" starttime="20230511 16:28:21.569" endtime="20230511 16:28:21.696"></status>
</kw>
<status status="PASS" starttime="20230511 16:28:17.556" endtime="20230511 16:28:21.697"></status>
</kw>
<kw name="Input Text" library="commons">
<arguments>
<arg>${passwordlocator}</arg>
<arg>${password_manual}</arg>
</arguments>
<kw name="Wait Until Element Is Visible" library="SeleniumLibrary">
<doc>Waits until element ``locator`` is visible.</doc>
<arguments>
<arg>${locator}</arg>
</arguments>
<status status="PASS" starttime="20230511 16:28:21.698" endtime="20230511 16:28:21.726"></status>
</kw>
<kw name="Scroll Element Into View" library="SeleniumLibrary">
<doc>Scrolls an element identified by ``locator`` into view.</doc>
<arguments>
<arg>${locator}</arg>
</arguments>
<status status="PASS" starttime="20230511 16:28:21.727" endtime="20230511 16:28:22.008"></status>
</kw>
<kw name="Input Text" library="SeleniumLibrary">
<doc>Types the given ``text`` into text field identified by ``locator``.</doc>
<arguments>
<arg>${locator}</arg>
<arg>${data}</arg>
</arguments>
<msg timestamp="20230511 16:28:22.009" level="INFO">Typing text 'demopass' into text field 'xpath=//input[@id='input-password']'.</msg>
<status status="PASS" starttime="20230511 16:28:22.008" endtime="20230511 16:28:22.118"></status>
</kw>
<status status="PASS" starttime="20230511 16:28:21.697" endtime="20230511 16:28:22.118"></status>
</kw>
<kw name="Click Element" library="commons">
<arguments>
<arg>${loginbtn}</arg>
</arguments>
<kw name="Wait Until Element Is Visible" library="SeleniumLibrary">
<doc>Waits until element ``locator`` is visible.</doc>
<arguments>
<arg>${locator}</arg>
</arguments>
<status status="PASS" starttime="20230511 16:28:22.120" endtime="20230511 16:28:22.147"></status>
</kw>
<kw name="Set Selenium Implicit Wait" library="SeleniumLibrary">
<doc>Sets the implicit wait value used by Selenium.</doc>
<arguments>
<arg>5s</arg>
</arguments>
<status status="PASS" starttime="20230511 16:28:22.148" endtime="20230511 16:28:22.149"></status>
</kw>
<kw name="Scroll Element Into View" library="SeleniumLibrary">
<doc>Scrolls an element identified by ``locator`` into view.</doc>
<arguments>
<arg>${locator}</arg>
</arguments>
<status status="PASS" starttime="20230511 16:28:22.149" endtime="20230511 16:28:22.432"></status>
</kw>
<kw name="Click Element" library="SeleniumLibrary">
<doc>Click element identified by ``locator``.</doc>
<arguments>
<arg>${locator}</arg>
</arguments>
<msg timestamp="20230511 16:28:22.433" level="INFO">Clicking element 'xpath=//input[@value='Login']'.</msg>
<status status="PASS" starttime="20230511 16:28:22.432" endtime="20230511 16:28:23.336"></status>
</kw>
<status status="PASS" starttime="20230511 16:28:22.119" endtime="20230511 16:28:23.336"></status>
</kw>
<kw name="Wait Until Page Contains Element" library="SeleniumLibrary">
<doc>Waits until element ``locator`` appears on current page.</doc>
<arguments>
<arg>${logoutelement}</arg>
</arguments>
<status status="PASS" starttime="20230511 16:28:23.337" endtime="20230511 16:28:23.364"></status>
</kw>
<status status="PASS" starttime="20230511 16:28:11.386" endtime="20230511 16:28:23.365"></status>
</kw>
<kw name="go to homepage" library="002_Purchase">
<kw name="Click Element" library="commons">
<arguments>
<arg>${homepageelement}</arg>
</arguments>
<kw name="Wait Until Element Is Visible" library="SeleniumLibrary">
<doc>Waits until element ``locator`` is visible.</doc>
<arguments>
<arg>${locator}</arg>
</arguments>
<status status="PASS" starttime="20230511 16:28:23.367" endtime="20230511 16:28:23.399"></status>
</kw>
<kw name="Set Selenium Implicit Wait" library="SeleniumLibrary">
<doc>Sets the implicit wait value used by Selenium.</doc>
<arguments>
<arg>5s</arg>
</arguments>
<status status="PASS" starttime="20230511 16:28:23.400" endtime="20230511 16:28:23.401"></status>
</kw>
<kw name="Scroll Element Into View" library="SeleniumLibrary">
<doc>Scrolls an element identified by ``locator`` into view.</doc>
<arguments>
<arg>${locator}</arg>
</arguments>
<status status="PASS" starttime="20230511 16:28:23.401" endtime="20230511 16:28:23.694"></status>
</kw>
<kw name="Click Element" library="SeleniumLibrary">
<doc>Click element identified by ``locator``.</doc>
<arguments>
<arg>${locator}</arg>
</arguments>
<msg timestamp="20230511 16:28:23.695" level="INFO">Clicking element 'css:.fa.fa-home'.</msg>
<status status="PASS" starttime="20230511 16:28:23.694" endtime="20230511 16:28:30.814"></status>
</kw>
<status status="PASS" starttime="20230511 16:28:23.367" endtime="20230511 16:28:30.815"></status>
</kw>
<status status="PASS" starttime="20230511 16:28:23.366" endtime="20230511 16:28:30.816"></status>
</kw>
<kw name="go to women's card" library="002_Purchase">
<kw name="Click Element" library="commons">
<arguments>
<arg>${womenscard}</arg>
</arguments>
<kw name="Wait Until Element Is Visible" library="SeleniumLibrary">
<doc>Waits until element ``locator`` is visible.</doc>
<arguments>
<arg>${locator}</arg>
</arguments>
<status status="PASS" starttime="20230511 16:28:30.818" endtime="20230511 16:28:30.851"></status>
</kw>
<kw name="Set Selenium Implicit Wait" library="SeleniumLibrary">
<doc>Sets the implicit wait value used by Selenium.</doc>
<arguments>
<arg>5s</arg>
</arguments>
<status status="PASS" starttime="20230511 16:28:30.852" endtime="20230511 16:28:30.853"></status>
</kw>
<kw name="Scroll Element Into View" library="SeleniumLibrary">
<doc>Scrolls an element identified by ``locator`` into view.</doc>
<arguments>
<arg>${locator}</arg>
</arguments>
<status status="PASS" starttime="20230511 16:28:30.853" endtime="20230511 16:28:31.147"></status>
</kw>
<kw name="Click Element" library="SeleniumLibrary">
<doc>Click element identified by ``locator``.</doc>
<arguments>
<arg>${locator}</arg>
</arguments>
<msg timestamp="20230511 16:28:31.148" level="INFO">Clicking element '//div[@class='owl-item active']//h5//a[contains(text(),'Women')]'.</msg>
<status status="PASS" starttime="20230511 16:28:31.148" endtime="20230511 16:28:33.613"></status>
</kw>
<status status="PASS" starttime="20230511 16:28:30.817" endtime="20230511 16:28:33.613"></status>
</kw>
<status status="PASS" starttime="20230511 16:28:30.816" endtime="20230511 16:28:33.614"></status>
</kw>
<kw name="get card titles" library="002_Purchase">
<kw name="Get WebElements" library="SeleniumLibrary">
<doc>Returns list of WebElement objects matching the ``locator``.</doc>
<arguments>
<arg>${cardtitle}</arg>
</arguments>
<assign>
<var>${titles_from_page}</var>
</assign>
<msg timestamp="20230511 16:28:33.633" level="INFO">${titles_from_page} = [&lt;selenium.webdriver.remote.webelement.WebElement (session="e775b9aa1ed05b9356117bf263db01da", element="00c4c88d-384f-4bd5-b1f6-f510cac5b74b")&gt;, &lt;selenium.webdriver.remote.webelement.WebElement (sessi...</msg>
<status status="PASS" starttime="20230511 16:28:33.615" endtime="20230511 16:28:33.634"></status>
</kw>
<kw name="Create List" library="BuiltIn">
<doc>Returns a list containing given items.</doc>
<assign>
<var>@{actual_list}</var>
</assign>
<msg timestamp="20230511 16:28:33.635" level="INFO">@{actual_list} = [ ]</msg>
<status status="PASS" starttime="20230511 16:28:33.635" endtime="20230511 16:28:33.635"></status>
</kw>
<kw name="${element} IN [ @{titles_from_page} ]" type="for">
<kw name="${element} = &lt;selenium.webdriver.remote.webelement.WebElement (session=&quot;e775b9aa1ed05b9356117bf263db01da&quot;, element=&quot;00c4c88d-384f-4bd5-b1f6-f510cac5b74b&quot;)&gt;" type="foritem">
<kw name="Log" library="BuiltIn">
<doc>Logs the given message with the given level.</doc>
<arguments>
<arg>${element.text}</arg>
</arguments>
<msg timestamp="20230511 16:28:33.659" level="INFO">Blue Diamond Ring</msg>
<status status="PASS" starttime="20230511 16:28:33.636" endtime="20230511 16:28:33.659"></status>
</kw>
<kw name="Append To List" library="Collections">
<doc>Adds ``values`` to the end of ``list``.</doc>
<arguments>
<arg>${actual_list}</arg>
<arg>${element.text}</arg>
</arguments>
<status status="PASS" starttime="20230511 16:28:33.659" endtime="20230511 16:28:33.667"></status>
</kw>
<status status="PASS" starttime="20230511 16:28:33.636" endtime="20230511 16:28:33.668"></status>
</kw>
<kw name="${element} = &lt;selenium.webdriver.remote.webelement.WebElement (session=&quot;e775b9aa1ed05b9356117bf263db01da&quot;, element=&quot;15811a74-e43a-4585-94d0-bb90a1ab7538&quot;)&gt;" type="foritem">
<kw name="Log" library="BuiltIn">
<doc>Logs the given message with the given level.</doc>
<arguments>
<arg>${element.text}</arg>
</arguments>
<msg timestamp="20230511 16:28:33.682" level="INFO">Boys Kurta Pajama</msg>
<status status="PASS" starttime="20230511 16:28:33.668" endtime="20230511 16:28:33.682"></status>
</kw>
<kw name="Append To List" library="Collections">
<doc>Adds ``values`` to the end of ``list``.</doc>
<arguments>
<arg>${actual_list}</arg>
<arg>${element.text}</arg>
</arguments>
<status status="PASS" starttime="20230511 16:28:33.683" endtime="20230511 16:28:33.692"></status>
</kw>
<status status="PASS" starttime="20230511 16:28:33.668" endtime="20230511 16:28:33.692"></status>
</kw>
<kw name="${element} = &lt;selenium.webdriver.remote.webelement.WebElement (session=&quot;e775b9aa1ed05b9356117bf263db01da&quot;, element=&quot;2929a832-b199-4c9b-bf9d-4dffd2726a53&quot;)&gt;" type="foritem">
<kw name="Log" library="BuiltIn">
<doc>Logs the given message with the given level.</doc>
<arguments>
<arg>${element.text}</arg>
</arguments>
<msg timestamp="20230511 16:28:33.707" level="INFO">Boys Kurta Pajama</msg>
<status status="PASS" starttime="20230511 16:28:33.692" endtime="20230511 16:28:33.707"></status>
</kw>
<kw name="Append To List" library="Collections">
<doc>Adds ``values`` to the end of ``list``.</doc>
<arguments>
<arg>${actual_list}</arg>
<arg>${element.text}</arg>
</arguments>
<status status="PASS" starttime="20230511 16:28:33.707" endtime="20230511 16:28:33.718"></status>
</kw>
<status status="PASS" starttime="20230511 16:28:33.692" endtime="20230511 16:28:33.718"></status>
</kw>
<kw name="${element} = &lt;selenium.webdriver.remote.webelement.WebElement (session=&quot;e775b9aa1ed05b9356117bf263db01da&quot;, element=&quot;977e55f6-ad98-4f77-bcd1-e3c322f348ab&quot;)&gt;" type="foritem">
<kw name="Log" library="BuiltIn">
<doc>Logs the given message with the given level.</doc>
<arguments>
<arg>${element.text}</arg>
</arguments>
<msg timestamp="20230511 16:28:33.731" level="INFO">Boys Kurta Pajama</msg>
<status status="PASS" starttime="20230511 16:28:33.718" endtime="20230511 16:28:33.731"></status>
</kw>
<kw name="Append To List" library="Collections">
<doc>Adds ``values`` to the end of ``list``.</doc>
<arguments>
<arg>${actual_list}</arg>
<arg>${element.text}</arg>
</arguments>
<status status="PASS" starttime="20230511 16:28:33.732" endtime="20230511 16:28:33.741"></status>
</kw>
<status status="PASS" starttime="20230511 16:28:33.718" endtime="20230511 16:28:33.741"></status>
</kw>
<kw name="${element} = &lt;selenium.webdriver.remote.webelement.WebElement (session=&quot;e775b9aa1ed05b9356117bf263db01da&quot;, element=&quot;55862c90-bb14-4f6c-b456-5bc4b9429ba3&quot;)&gt;" type="foritem">
<kw name="Log" library="BuiltIn">
<doc>Logs the given message with the given level.</doc>
<arguments>
<arg>${element.text}</arg>
</arguments>
<msg timestamp="20230511 16:28:33.757" level="INFO">Boys Kurta Pajama लड़कों का कुर्ता सेट</msg>
<status status="PASS" starttime="20230511 16:28:33.742" endtime="20230511 16:28:33.757"></status>
</kw>
<kw name="Append To List" library="Collections">
<doc>Adds ``values`` to the end of ``list``.</doc>
<arguments>
<arg>${actual_list}</arg>
<arg>${element.text}</arg>
</arguments>
<status status="PASS" starttime="20230511 16:28:33.758" endtime="20230511 16:28:33.766"></status>
</kw>
<status status="PASS" starttime="20230511 16:28:33.741" endtime="20230511 16:28:33.766"></status>
</kw>
<kw name="${element} = &lt;selenium.webdriver.remote.webelement.WebElement (session=&quot;e775b9aa1ed05b9356117bf263db01da&quot;, element=&quot;bd4a2007-0170-4853-bab1-30171b23080b&quot;)&gt;" type="foritem">
<kw name="Log" library="BuiltIn">
<doc>Logs the given message with the given level.</doc>
<arguments>
<arg>${element.text}</arg>
</arguments>
<msg timestamp="20230511 16:28:33.780" level="INFO">Girls Lehenga Choli</msg>
<status status="PASS" starttime="20230511 16:28:33.767" endtime="20230511 16:28:33.780"></status>
</kw>
<kw name="Append To List" library="Collections">
<doc>Adds ``values`` to the end of ``list``.</doc>
<arguments>
<arg>${actual_list}</arg>
<arg>${element.text}</arg>
</arguments>
<status status="PASS" starttime="20230511 16:28:33.780" endtime="20230511 16:28:33.790"></status>
</kw>
<status status="PASS" starttime="20230511 16:28:33.766" endtime="20230511 16:28:33.790"></status>
</kw>
<kw name="${element} = &lt;selenium.webdriver.remote.webelement.WebElement (session=&quot;e775b9aa1ed05b9356117bf263db01da&quot;, element=&quot;7f9078c7-3f6b-4b53-bf43-9b20979a0b16&quot;)&gt;" type="foritem">
<kw name="Log" library="BuiltIn">
<doc>Logs the given message with the given level.</doc>
<arguments>
<arg>${element.text}</arg>
</arguments>
<msg timestamp="20230511 16:28:33.804" level="INFO">Girls Lehenga Choli</msg>
<status status="PASS" starttime="20230511 16:28:33.791" endtime="20230511 16:28:33.804"></status>
</kw>
<kw name="Append To List" library="Collections">
<doc>Adds ``values`` to the end of ``list``.</doc>
<arguments>
<arg>${actual_list}</arg>
<arg>${element.text}</arg>
</arguments>
<status status="PASS" starttime="20230511 16:28:33.804" endtime="20230511 16:28:33.813"></status>
</kw>
<status status="PASS" starttime="20230511 16:28:33.791" endtime="20230511 16:28:33.814"></status>
</kw>
<kw name="${element} = &lt;selenium.webdriver.remote.webelement.WebElement (session=&quot;e775b9aa1ed05b9356117bf263db01da&quot;, element=&quot;857e2192-85ae-470c-92ec-df3906daf07b&quot;)&gt;" type="foritem">
<kw name="Log" library="BuiltIn">
<doc>Logs the given message with the given level.</doc>
<arguments>
<arg>${element.text}</arg>
</arguments>
<msg timestamp="20230511 16:28:33.829" level="INFO">Girls Lehenga Choli</msg>
<status status="PASS" starttime="20230511 16:28:33.814" endtime="20230511 16:28:33.829"></status>
</kw>
<kw name="Append To List" library="Collections">
<doc>Adds ``values`` to the end of ``list``.</doc>
<arguments>
<arg>${actual_list}</arg>
<arg>${element.text}</arg>
</arguments>
<status status="PASS" starttime="20230511 16:28:33.830" endtime="20230511 16:28:33.838"></status>
</kw>
<status status="PASS" starttime="20230511 16:28:33.814" endtime="20230511 16:28:33.838"></status>
</kw>
<kw name="${element} = &lt;selenium.webdriver.remote.webelement.WebElement (session=&quot;e775b9aa1ed05b9356117bf263db01da&quot;, element=&quot;d7d2d294-0f5c-4b19-b51e-070666a2200b&quot;)&gt;" type="foritem">
<kw name="Log" library="BuiltIn">
<doc>Logs the given message with the given level.</doc>
<arguments>
<arg>${element.text}</arg>
</arguments>
<msg timestamp="20230511 16:28:33.854" level="INFO">Girls Lehenga Choli</msg>
<status status="PASS" starttime="20230511 16:28:33.840" endtime="20230511 16:28:33.854"></status>
</kw>
<kw name="Append To List" library="Collections">
<doc>Adds ``values`` to the end of ``list``.</doc>
<arguments>
<arg>${actual_list}</arg>
<arg>${element.text}</arg>
</arguments>
<status status="PASS" starttime="20230511 16:28:33.854" endtime="20230511 16:28:33.865"></status>
</kw>
<status status="PASS" starttime="20230511 16:28:33.839" endtime="20230511 16:28:33.865"></status>
</kw>
<kw name="${element} = &lt;selenium.webdriver.remote.webelement.WebElement (session=&quot;e775b9aa1ed05b9356117bf263db01da&quot;, element=&quot;805d8bc5-803b-4aa5-b0eb-91da2ea8b371&quot;)&gt;" type="foritem">
<kw name="Log" library="BuiltIn">
<doc>Logs the given message with the given level.</doc>
<arguments>
<arg>${element.text}</arg>
</arguments>
<msg timestamp="20230511 16:28:33.880" level="INFO">Girls Lehenga Choli</msg>
<status status="PASS" starttime="20230511 16:28:33.866" endtime="20230511 16:28:33.880"></status>
</kw>
<kw name="Append To List" library="Collections">
<doc>Adds ``values`` to the end of ``list``.</doc>
<arguments>
<arg>${actual_list}</arg>
<arg>${element.text}</arg>
</arguments>
<status status="PASS" starttime="20230511 16:28:33.881" endtime="20230511 16:28:33.889"></status>
</kw>
<status status="PASS" starttime="20230511 16:28:33.865" endtime="20230511 16:28:33.889"></status>
</kw>
<kw name="${element} = &lt;selenium.webdriver.remote.webelement.WebElement (session=&quot;e775b9aa1ed05b9356117bf263db01da&quot;, element=&quot;18abe9d0-fcfb-423c-baac-6a71b34d4707&quot;)&gt;" type="foritem">
<kw name="Log" library="BuiltIn">
<doc>Logs the given message with the given level.</doc>
<arguments>
<arg>${element.text}</arg>
</arguments>
<msg timestamp="20230511 16:28:33.907" level="INFO">Girls Lehenga Choli</msg>
<status status="PASS" starttime="20230511 16:28:33.890" endtime="20230511 16:28:33.908"></status>
</kw>
<kw name="Append To List" library="Collections">
<doc>Adds ``values`` to the end of ``list``.</doc>
<arguments>
<arg>${actual_list}</arg>
<arg>${element.text}</arg>
</arguments>
<status status="PASS" starttime="20230511 16:28:33.908" endtime="20230511 16:28:33.916"></status>
</kw>
<status status="PASS" starttime="20230511 16:28:33.890" endtime="20230511 16:28:33.916"></status>
</kw>
<kw name="${element} = &lt;selenium.webdriver.remote.webelement.WebElement (session=&quot;e775b9aa1ed05b9356117bf263db01da&quot;, element=&quot;198045c8-7a7a-4585-90e8-a9bf49387344&quot;)&gt;" type="foritem">
<kw name="Log" library="BuiltIn">
<doc>Logs the given message with the given level.</doc>
<arguments>
<arg>${element.text}</arg>
</arguments>
<msg timestamp="20230511 16:28:33.930" level="INFO">The Lyra Pendant</msg>
<status status="PASS" starttime="20230511 16:28:33.917" endtime="20230511 16:28:33.930"></status>
</kw>
<kw name="Append To List" library="Collections">
<doc>Adds ``values`` to the end of ``list``.</doc>
<arguments>
<arg>${actual_list}</arg>
<arg>${element.text}</arg>
</arguments>
<status status="PASS" starttime="20230511 16:28:33.931" endtime="20230511 16:28:33.941"></status>
</kw>
<status status="PASS" starttime="20230511 16:28:33.916" endtime="20230511 16:28:33.941"></status>
</kw>
<kw name="${element} = &lt;selenium.webdriver.remote.webelement.WebElement (session=&quot;e775b9aa1ed05b9356117bf263db01da&quot;, element=&quot;e8103b5a-e23e-45b8-8aad-354e00cdee9f&quot;)&gt;" type="foritem">
<kw name="Log" library="BuiltIn">
<doc>Logs the given message with the given level.</doc>
<arguments>
<arg>${element.text}</arg>
</arguments>
<msg timestamp="20230511 16:28:33.955" level="INFO">The Twisted Heart Pendant</msg>
<status status="PASS" starttime="20230511 16:28:33.942" endtime="20230511 16:28:33.956"></status>
</kw>
<kw name="Append To List" library="Collections">
<doc>Adds ``values`` to the end of ``list``.</doc>
<arguments>
<arg>${actual_list}</arg>
<arg>${element.text}</arg>
</arguments>
<status status="PASS" starttime="20230511 16:28:33.957" endtime="20230511 16:28:33.966"></status>
</kw>
<status status="PASS" starttime="20230511 16:28:33.941" endtime="20230511 16:28:33.966"></status>
</kw>
<kw name="${element} = &lt;selenium.webdriver.remote.webelement.WebElement (session=&quot;e775b9aa1ed05b9356117bf263db01da&quot;, element=&quot;1a276048-aae1-455b-b857-a4028c1efa19&quot;)&gt;" type="foritem">
<kw name="Log" library="BuiltIn">
<doc>Logs the given message with the given level.</doc>
<arguments>
<arg>${element.text}</arg>
</arguments>
<msg timestamp="20230511 16:28:33.980" level="INFO">The Yana Pendant</msg>
<status status="PASS" starttime="20230511 16:28:33.967" endtime="20230511 16:28:33.980"></status>
</kw>
<kw name="Append To List" library="Collections">
<doc>Adds ``values`` to the end of ``list``.</doc>
<arguments>
<arg>${actual_list}</arg>
<arg>${element.text}</arg>
</arguments>
<status status="PASS" starttime="20230511 16:28:33.981" endtime="20230511 16:28:33.989"></status>
</kw>
<status status="PASS" starttime="20230511 16:28:33.966" endtime="20230511 16:28:33.990"></status>
</kw>
<status status="PASS" starttime="20230511 16:28:33.635" endtime="20230511 16:28:33.990"></status>
</kw>
<status status="PASS" starttime="20230511 16:28:33.615" endtime="20230511 16:28:33.990"></status>
</kw>
<kw name="add items to cart" library="002_Purchase">
<kw name="Create List" library="BuiltIn">
<doc>Returns a list containing given items.</doc>
<arguments>
<arg>The Twisted Heart Pendant</arg>
</arguments>
<assign>
<var>@{items_to_add}</var>
</assign>
<msg timestamp="20230511 16:28:33.992" level="INFO">@{items_to_add} = [ The Twisted Heart Pendant ]</msg>
<status status="PASS" starttime="20230511 16:28:33.991" endtime="20230511 16:28:33.992"></status>
</kw>
<kw name="Set Global Variable" library="BuiltIn">
<doc>Makes a variable available globally in all tests and suites.</doc>
<arguments>
<arg>${items_to_add}</arg>
</arguments>
<msg timestamp="20230511 16:28:33.993" level="INFO">${items_to_add} = ['The Twisted Heart Pendant']</msg>
<status status="PASS" starttime="20230511 16:28:33.992" endtime="20230511 16:28:33.993"></status>
</kw>
<kw name="Add Items Into Cart" library="custompyLibrary.addItems">
<arguments>
<arg>${items_to_add}</arg>
</arguments>
<msg timestamp="20230511 16:28:34.105" level="INFO">Clicking element 'xpath=(//span[contains(text(),'add to cart')])[13]'.</msg>
<msg timestamp="20230511 16:28:34.198" level="INFO">Clicking element 'css:.close'.</msg>
<status status="PASS" starttime="20230511 16:28:33.993" endtime="20230511 16:28:34.587"></status>
</kw>
<kw name="Wait Until Element Is Not Visible" library="SeleniumLibrary">
<doc>Waits until element ``locator`` is not visible.</doc>
<arguments>
<arg>${popup}</arg>
</arguments>
<status status="PASS" starttime="20230511 16:28:34.587" endtime="20230511 16:28:39.629"></status>
</kw>
<status status="PASS" starttime="20230511 16:28:33.991" endtime="20230511 16:28:39.630"></status>
</kw>
<kw name="verify the cart" library="002_Purchase">
<kw name="Click Element" library="commons">
<arguments>
<arg>${carticon}</arg>
</arguments>
<kw name="Wait Until Element Is Visible" library="SeleniumLibrary">
<doc>Waits until element ``locator`` is visible.</doc>
<arguments>
<arg>${locator}</arg>
</arguments>
<status status="PASS" starttime="20230511 16:28:39.632" endtime="20230511 16:28:39.654"></status>
</kw>
<kw name="Set Selenium Implicit Wait" library="SeleniumLibrary">
<doc>Sets the implicit wait value used by Selenium.</doc>
<arguments>
<arg>5s</arg>
</arguments>
<status status="PASS" starttime="20230511 16:28:39.655" endtime="20230511 16:28:39.658"></status>
</kw>
<kw name="Scroll Element Into View" library="SeleniumLibrary">
<doc>Scrolls an element identified by ``locator`` into view.</doc>
<arguments>
<arg>${locator}</arg>
</arguments>
<status status="PASS" starttime="20230511 16:28:39.658" endtime="20230511 16:28:39.959"></status>
</kw>
<kw name="Click Element" library="SeleniumLibrary">
<doc>Click element identified by ``locator``.</doc>
<arguments>
<arg>${locator}</arg>
</arguments>
<msg timestamp="20230511 16:28:39.959" level="INFO">Clicking element 'xpath:(//button[@data-toggle='dropdown'])[3]'.</msg>
<status status="PASS" starttime="20230511 16:28:39.959" endtime="20230511 16:28:40.012"></status>
</kw>
<status status="PASS" starttime="20230511 16:28:39.631" endtime="20230511 16:28:40.012"></status>
</kw>
<kw name="Click Element" library="commons">
<arguments>
<arg>${viewcart}</arg>
</arguments>
<kw name="Wait Until Element Is Visible" library="SeleniumLibrary">
<doc>Waits until element ``locator`` is visible.</doc>
<arguments>
<arg>${locator}</arg>
</arguments>
<status status="PASS" starttime="20230511 16:28:40.014" endtime="20230511 16:28:40.048"></status>
</kw>
<kw name="Set Selenium Implicit Wait" library="SeleniumLibrary">
<doc>Sets the implicit wait value used by Selenium.</doc>
<arguments>
<arg>5s</arg>
</arguments>
<status status="PASS" starttime="20230511 16:28:40.049" endtime="20230511 16:28:40.051"></status>
</kw>
<kw name="Scroll Element Into View" library="SeleniumLibrary">
<doc>Scrolls an element identified by ``locator`` into view.</doc>
<arguments>
<arg>${locator}</arg>
</arguments>
<status status="PASS" starttime="20230511 16:28:40.052" endtime="20230511 16:28:40.352"></status>
</kw>
<kw name="Click Element" library="SeleniumLibrary">
<doc>Click element identified by ``locator``.</doc>
<arguments>
<arg>${locator}</arg>
</arguments>
<msg timestamp="20230511 16:28:40.353" level="INFO">Clicking element 'xpath://a[normalize-space()='View Cart']'.</msg>
<status status="PASS" starttime="20230511 16:28:40.352" endtime="20230511 16:28:41.433"></status>
</kw>
<status status="PASS" starttime="20230511 16:28:40.013" endtime="20230511 16:28:41.434"></status>
</kw>
<status status="PASS" starttime="20230511 16:28:39.630" endtime="20230511 16:28:41.434"></status>
</kw>
<kw name="proceed checkout" library="002_Purchase">
<kw name="Click Element" library="commons">
<arguments>
<arg>${checkoutbtn}</arg>
</arguments>
<kw name="Wait Until Element Is Visible" library="SeleniumLibrary">
<doc>Waits until element ``locator`` is visible.</doc>
<arguments>
<arg>${locator}</arg>
</arguments>
<status status="PASS" starttime="20230511 16:28:41.435" endtime="20230511 16:28:41.483"></status>
</kw>
<kw name="Set Selenium Implicit Wait" library="SeleniumLibrary">
<doc>Sets the implicit wait value used by Selenium.</doc>
<arguments>
<arg>5s</arg>
</arguments>
<status status="PASS" starttime="20230511 16:28:41.484" endtime="20230511 16:28:41.485"></status>
</kw>
<kw name="Scroll Element Into View" library="SeleniumLibrary">
<doc>Scrolls an element identified by ``locator`` into view.</doc>
<arguments>
<arg>${locator}</arg>
</arguments>
<status status="PASS" starttime="20230511 16:28:41.485" endtime="20230511 16:28:41.763"></status>
</kw>
<kw name="Click Element" library="SeleniumLibrary">
<doc>Click element identified by ``locator``.</doc>
<arguments>
<arg>${locator}</arg>
</arguments>
<msg timestamp="20230511 16:28:41.764" level="INFO">Clicking element '//div[@class='pull-right']//a[@class='btn btn-primary'][normalize-space()='Checkout']'.</msg>
<status status="PASS" starttime="20230511 16:28:41.763" endtime="20230511 16:28:43.331"></status>
</kw>
<status status="PASS" starttime="20230511 16:28:41.434" endtime="20230511 16:28:43.331"></status>
</kw>
<status status="PASS" starttime="20230511 16:28:41.434" endtime="20230511 16:28:43.332"></status>
</kw>
<kw name="fill address" library="002_Purchase">
<kw name="Select Radio Button" library="SeleniumLibrary">
<doc>Sets radio button group ``group_name`` to ``value``.</doc>
<arguments>
<arg>${address_group}</arg>
<arg>${address_value}</arg>
</arguments>
<msg timestamp="20230511 16:28:43.334" level="INFO">Selecting 'new' from radio button 'payment_address'.</msg>
<status status="PASS" starttime="20230511 16:28:43.333" endtime="20230511 16:28:43.636"></status>
</kw>
<kw name="Radio Button Should Be Set To" library="SeleniumLibrary">
<doc>Verifies radio button group ``group_name`` is set to ``value``.</doc>
<arguments>
<arg>${address_group}</arg>
<arg>${address_value}</arg>
</arguments>
<msg timestamp="20230511 16:28:43.637" level="INFO">Verifying radio button 'payment_address' has selection 'new'.</msg>
<status status="PASS" starttime="20230511 16:28:43.636" endtime="20230511 16:28:43.716"></status>
</kw>
<kw name="Input Text" library="commons">
<arguments>
<arg>${firstnamelocator}</arg>
<arg>${firstname}</arg>
</arguments>
<kw name="Wait Until Element Is Visible" library="SeleniumLibrary">
<doc>Waits until element ``locator`` is visible.</doc>
<arguments>
<arg>${locator}</arg>
</arguments>
<status status="PASS" starttime="20230511 16:28:43.717" endtime="20230511 16:28:43.761"></status>
</kw>
<kw name="Scroll Element Into View" library="SeleniumLibrary">
<doc>Scrolls an element identified by ``locator`` into view.</doc>
<arguments>
<arg>${locator}</arg>
</arguments>
<status status="PASS" starttime="20230511 16:28:43.762" endtime="20230511 16:28:44.051"></status>
</kw>
<kw name="Input Text" library="SeleniumLibrary">
<doc>Types the given ``text`` into text field identified by ``locator``.</doc>
<arguments>
<arg>${locator}</arg>
<arg>${data}</arg>
</arguments>
<msg timestamp="20230511 16:28:44.052" level="INFO">Typing text 'Stephen' into text field '//input[@id='input-payment-firstname']'.</msg>
<status status="PASS" starttime="20230511 16:28:44.051" endtime="20230511 16:28:44.175"></status>
</kw>
<status status="PASS" starttime="20230511 16:28:43.717" endtime="20230511 16:28:44.175"></status>
</kw>
<kw name="Input Text" library="commons">
<arguments>
<arg>${lastnamelocator}</arg>
<arg>${lastname}</arg>
</arguments>
<kw name="Wait Until Element Is Visible" library="SeleniumLibrary">
<doc>Waits until element ``locator`` is visible.</doc>
<arguments>
<arg>${locator}</arg>
</arguments>
<status status="PASS" starttime="20230511 16:28:44.177" endtime="20230511 16:28:44.199"></status>
</kw>
<kw name="Scroll Element Into View" library="SeleniumLibrary">
<doc>Scrolls an element identified by ``locator`` into view.</doc>
<arguments>
<arg>${locator}</arg>
</arguments>
<status status="PASS" starttime="20230511 16:28:44.199" endtime="20230511 16:28:44.490"></status>
</kw>
<kw name="Input Text" library="SeleniumLibrary">
<doc>Types the given ``text`` into text field identified by ``locator``.</doc>
<arguments>
<arg>${locator}</arg>
<arg>${data}</arg>
</arguments>
<msg timestamp="20230511 16:28:44.491" level="INFO">Typing text 'Howard' into text field '//input[@id='input-payment-lastname']'.</msg>
<status status="PASS" starttime="20230511 16:28:44.490" endtime="20230511 16:28:44.598"></status>
</kw>
<status status="PASS" starttime="20230511 16:28:44.176" endtime="20230511 16:28:44.598"></status>
</kw>
<kw name="Input Text" library="commons">
<arguments>
<arg>${address1locator}</arg>
<arg>${address1}</arg>
</arguments>
<kw name="Wait Until Element Is Visible" library="SeleniumLibrary">
<doc>Waits until element ``locator`` is visible.</doc>
<arguments>
<arg>${locator}</arg>
</arguments>
<status status="PASS" starttime="20230511 16:28:44.600" endtime="20230511 16:28:44.625"></status>
</kw>
<kw name="Scroll Element Into View" library="SeleniumLibrary">
<doc>Scrolls an element identified by ``locator`` into view.</doc>
<arguments>
<arg>${locator}</arg>
</arguments>
<status status="PASS" starttime="20230511 16:28:44.625" endtime="20230511 16:28:44.909"></status>
</kw>
<kw name="Input Text" library="SeleniumLibrary">
<doc>Types the given ``text`` into text field identified by ``locator``.</doc>
<arguments>
<arg>${locator}</arg>
<arg>${data}</arg>
</arguments>
<msg timestamp="20230511 16:28:44.910" level="INFO">Typing text 'B-4/252, Gyan Khand 1' into text field '//input[@id='input-payment-address-1']'.</msg>
<status status="PASS" starttime="20230511 16:28:44.909" endtime="20230511 16:28:45.052"></status>
</kw>
<status status="PASS" starttime="20230511 16:28:44.599" endtime="20230511 16:28:45.052"></status>
</kw>
<kw name="Input Text" library="commons">
<arguments>
<arg>${address2locator}</arg>
<arg>${address2}</arg>
</arguments>
<kw name="Wait Until Element Is Visible" library="SeleniumLibrary">
<doc>Waits until element ``locator`` is visible.</doc>
<arguments>
<arg>${locator}</arg>
</arguments>
<status status="PASS" starttime="20230511 16:28:45.053" endtime="20230511 16:28:45.081"></status>
</kw>
<kw name="Scroll Element Into View" library="SeleniumLibrary">
<doc>Scrolls an element identified by ``locator`` into view.</doc>
<arguments>
<arg>${locator}</arg>
</arguments>
<status status="PASS" starttime="20230511 16:28:45.081" endtime="20230511 16:28:45.373"></status>
</kw>
<kw name="Input Text" library="SeleniumLibrary">
<doc>Types the given ``text`` into text field identified by ``locator``.</doc>
<arguments>
<arg>${locator}</arg>
<arg>${data}</arg>
</arguments>
<msg timestamp="20230511 16:28:45.374" level="INFO">Typing text 'Indirapuram' into text field '//input[@id='input-payment-address-2']'.</msg>
<status status="PASS" starttime="20230511 16:28:45.374" endtime="20230511 16:28:45.497"></status>
</kw>
<status status="PASS" starttime="20230511 16:28:45.052" endtime="20230511 16:28:45.498"></status>
</kw>
<kw name="Input Text" library="commons">
<arguments>
<arg>${citylocator}</arg>
<arg>${city}</arg>
</arguments>
<kw name="Wait Until Element Is Visible" library="SeleniumLibrary">
<doc>Waits until element ``locator`` is visible.</doc>
<arguments>
<arg>${locator}</arg>
</arguments>
<status status="PASS" starttime="20230511 16:28:45.499" endtime="20230511 16:28:45.526"></status>
</kw>
<kw name="Scroll Element Into View" library="SeleniumLibrary">
<doc>Scrolls an element identified by ``locator`` into view.</doc>
<arguments>
<arg>${locator}</arg>
</arguments>
<status status="PASS" starttime="20230511 16:28:45.526" endtime="20230511 16:28:45.810"></status>
</kw>
<kw name="Input Text" library="SeleniumLibrary">
<doc>Types the given ``text`` into text field identified by ``locator``.</doc>
<arguments>
<arg>${locator}</arg>
<arg>${data}</arg>
</arguments>
<msg timestamp="20230511 16:28:45.810" level="INFO">Typing text 'Ghaziabad' into text field '//input[@id='input-payment-city']'.</msg>
<status status="PASS" starttime="20230511 16:28:45.810" endtime="20230511 16:28:45.928"></status>
</kw>
<status status="PASS" starttime="20230511 16:28:45.498" endtime="20230511 16:28:45.928"></status>
</kw>
<kw name="Input Text" library="commons">
<arguments>
<arg>${pincodelocator}</arg>
<arg>${pincode}</arg>
</arguments>
<kw name="Wait Until Element Is Visible" library="SeleniumLibrary">
<doc>Waits until element ``locator`` is visible.</doc>
<arguments>
<arg>${locator}</arg>
</arguments>
<status status="PASS" starttime="20230511 16:28:45.929" endtime="20230511 16:28:45.953"></status>
</kw>
<kw name="Scroll Element Into View" library="SeleniumLibrary">
<doc>Scrolls an element identified by ``locator`` into view.</doc>
<arguments>
<arg>${locator}</arg>
</arguments>
<status status="PASS" starttime="20230511 16:28:45.954" endtime="20230511 16:28:46.231"></status>
</kw>
<kw name="Input Text" library="SeleniumLibrary">
<doc>Types the given ``text`` into text field identified by ``locator``.</doc>
<arguments>
<arg>${locator}</arg>
<arg>${data}</arg>
</arguments>
<msg timestamp="20230511 16:28:46.233" level="INFO">Typing text '201010' into text field '//input[@id='input-payment-postcode']'.</msg>
<status status="PASS" starttime="20230511 16:28:46.232" endtime="20230511 16:28:46.369"></status>
</kw>
<status status="PASS" starttime="20230511 16:28:45.929" endtime="20230511 16:28:46.370"></status>
</kw>
<kw name="Select From List By Label" library="SeleniumLibrary">
<doc>Selects options from selection list ``locator`` by ``labels``.</doc>
<arguments>
<arg>${countrylocator}</arg>
<arg>${countrydata}</arg>
</arguments>
<msg timestamp="20230511 16:28:46.371" level="INFO">Selecting options from selection list '//select[@id='input-payment-country']' by label India.</msg>
<status status="PASS" starttime="20230511 16:28:46.370" endtime="20230511 16:28:46.420"></status>
</kw>
<kw name="Select From List By Label" library="SeleniumLibrary">
<doc>Selects options from selection list ``locator`` by ``labels``.</doc>
<arguments>
<arg>${regionlocator}</arg>
<arg>${regiondata}</arg>
</arguments>
<msg timestamp="20230511 16:28:46.420" level="INFO">Selecting options from selection list '//select[@id='input-payment-zone']' by label Uttar Pradesh.</msg>
<status status="PASS" starttime="20230511 16:28:46.420" endtime="20230511 16:28:46.500"></status>
</kw>
<kw name="Click Element" library="commons">
<arguments>
<arg>${paymentaddressbtn}</arg>
</arguments>
<kw name="Wait Until Element Is Visible" library="SeleniumLibrary">
<doc>Waits until element ``locator`` is visible.</doc>
<arguments>
<arg>${locator}</arg>
</arguments>
<status status="PASS" starttime="20230511 16:28:46.502" endtime="20230511 16:28:46.534"></status>
</kw>
<kw name="Set Selenium Implicit Wait" library="SeleniumLibrary">
<doc>Sets the implicit wait value used by Selenium.</doc>
<arguments>
<arg>5s</arg>
</arguments>
<status status="PASS" starttime="20230511 16:28:46.534" endtime="20230511 16:28:46.535"></status>
</kw>
<kw name="Scroll Element Into View" library="SeleniumLibrary">
<doc>Scrolls an element identified by ``locator`` into view.</doc>
<arguments>
<arg>${locator}</arg>
</arguments>
<status status="PASS" starttime="20230511 16:28:46.536" endtime="20230511 16:28:46.814"></status>
</kw>
<kw name="Click Element" library="SeleniumLibrary">
<doc>Click element identified by ``locator``.</doc>
<arguments>
<arg>${locator}</arg>
</arguments>
<msg timestamp="20230511 16:28:46.815" level="INFO">Clicking element '//input[@id='button-payment-address']'.</msg>
<status status="PASS" starttime="20230511 16:28:46.814" endtime="20230511 16:28:46.880"></status>
</kw>
<status status="PASS" starttime="20230511 16:28:46.501" endtime="20230511 16:28:46.880"></status>
</kw>
<kw name="Click Element" library="commons">
<arguments>
<arg>${shippingaddresbtn}</arg>
</arguments>
<kw name="Wait Until Element Is Visible" library="SeleniumLibrary">
<doc>Waits until element ``locator`` is visible.</doc>
<arguments>
<arg>${locator}</arg>
</arguments>
<status status="PASS" starttime="20230511 16:28:46.881" endtime="20230511 16:28:47.773"></status>
</kw>
<kw name="Set Selenium Implicit Wait" library="SeleniumLibrary">
<doc>Sets the implicit wait value used by Selenium.</doc>
<arguments>
<arg>5s</arg>
</arguments>
<status status="PASS" starttime="20230511 16:28:47.773" endtime="20230511 16:28:47.775"></status>
</kw>
<kw name="Scroll Element Into View" library="SeleniumLibrary">
<doc>Scrolls an element identified by ``locator`` into view.</doc>
<arguments>
<arg>${locator}</arg>
</arguments>
<status status="PASS" starttime="20230511 16:28:47.775" endtime="20230511 16:28:48.077"></status>
</kw>
<kw name="Click Element" library="SeleniumLibrary">
<doc>Click element identified by ``locator``.</doc>
<arguments>
<arg>${locator}</arg>
</arguments>
<msg timestamp="20230511 16:28:48.078" level="INFO">Clicking element '//input[@id='button-shipping-address']'.</msg>
<status status="PASS" starttime="20230511 16:28:48.077" endtime="20230511 16:28:48.176"></status>
</kw>
<status status="PASS" starttime="20230511 16:28:46.880" endtime="20230511 16:28:48.177"></status>
</kw>
<kw name="Click Element" library="commons">
<arguments>
<arg>${shippingmethodbtn}</arg>
</arguments>
<kw name="Wait Until Element Is Visible" library="SeleniumLibrary">
<doc>Waits until element ``locator`` is visible.</doc>
<arguments>
<arg>${locator}</arg>
</arguments>
<status status="PASS" starttime="20230511 16:28:48.178" endtime="20230511 16:28:49.374"></status>
</kw>
<kw name="Set Selenium Implicit Wait" library="SeleniumLibrary">
<doc>Sets the implicit wait value used by Selenium.</doc>
<arguments>
<arg>5s</arg>
</arguments>
<status status="PASS" starttime="20230511 16:28:49.375" endtime="20230511 16:28:49.377"></status>
</kw>
<kw name="Scroll Element Into View" library="SeleniumLibrary">
<doc>Scrolls an element identified by ``locator`` into view.</doc>
<arguments>
<arg>${locator}</arg>
</arguments>
<status status="PASS" starttime="20230511 16:28:49.377" endtime="20230511 16:28:49.663"></status>
</kw>
<kw name="Click Element" library="SeleniumLibrary">
<doc>Click element identified by ``locator``.</doc>
<arguments>
<arg>${locator}</arg>
</arguments>
<msg timestamp="20230511 16:28:49.664" level="INFO">Clicking element '//input[@id='button-shipping-method']'.</msg>
<status status="PASS" starttime="20230511 16:28:49.664" endtime="20230511 16:28:49.732"></status>
</kw>
<status status="PASS" starttime="20230511 16:28:48.178" endtime="20230511 16:28:49.732"></status>
</kw>
<kw name="Click Element" library="commons">
<arguments>
<arg>${terms}</arg>
</arguments>
<kw name="Wait Until Element Is Visible" library="SeleniumLibrary">
<doc>Waits until element ``locator`` is visible.</doc>
<arguments>
<arg>${locator}</arg>
</arguments>
<status status="PASS" starttime="20230511 16:28:49.733" endtime="20230511 16:28:50.743"></status>
</kw>
<kw name="Set Selenium Implicit Wait" library="SeleniumLibrary">
<doc>Sets the implicit wait value used by Selenium.</doc>
<arguments>
<arg>5s</arg>
</arguments>
<status status="PASS" starttime="20230511 16:28:50.743" endtime="20230511 16:28:50.745"></status>
</kw>
<kw name="Scroll Element Into View" library="SeleniumLibrary">
<doc>Scrolls an element identified by ``locator`` into view.</doc>
<arguments>
<arg>${locator}</arg>
</arguments>
<status status="PASS" starttime="20230511 16:28:50.746" endtime="20230511 16:28:51.048"></status>
</kw>
<kw name="Click Element" library="SeleniumLibrary">
<doc>Click element identified by ``locator``.</doc>
<arguments>
<arg>${locator}</arg>
</arguments>
<msg timestamp="20230511 16:28:51.049" level="INFO">Clicking element '//input[@name='agree']'.</msg>
<status status="PASS" starttime="20230511 16:28:51.048" endtime="20230511 16:28:51.110"></status>
</kw>
<status status="PASS" starttime="20230511 16:28:49.733" endtime="20230511 16:28:51.110"></status>
</kw>
<kw name="Click Element" library="commons">
<arguments>
<arg>${cod}</arg>
</arguments>
<kw name="Wait Until Element Is Visible" library="SeleniumLibrary">
<doc>Waits until element ``locator`` is visible.</doc>
<arguments>
<arg>${locator}</arg>
</arguments>
<status status="PASS" starttime="20230511 16:28:51.111" endtime="20230511 16:28:51.135"></status>
</kw>
<kw name="Set Selenium Implicit Wait" library="SeleniumLibrary">
<doc>Sets the implicit wait value used by Selenium.</doc>
<arguments>
<arg>5s</arg>
</arguments>
<status status="PASS" starttime="20230511 16:28:51.135" endtime="20230511 16:28:51.137"></status>
</kw>
<kw name="Scroll Element Into View" library="SeleniumLibrary">
<doc>Scrolls an element identified by ``locator`` into view.</doc>
<arguments>
<arg>${locator}</arg>
</arguments>
<status status="PASS" starttime="20230511 16:28:51.138" endtime="20230511 16:28:51.419"></status>
</kw>
<kw name="Click Element" library="SeleniumLibrary">
<doc>Click element identified by ``locator``.</doc>
<arguments>
<arg>${locator}</arg>
</arguments>
<msg timestamp="20230511 16:28:51.422" level="INFO">Clicking element '//input[@value='cod']'.</msg>
<status status="PASS" starttime="20230511 16:28:51.420" endtime="20230511 16:28:51.503"></status>
</kw>
<status status="PASS" starttime="20230511 16:28:51.111" endtime="20230511 16:28:51.505"></status>
</kw>
<kw name="Click Element" library="commons">
<arguments>
<arg>${paymentmethodbtn}</arg>
</arguments>
<kw name="Wait Until Element Is Visible" library="SeleniumLibrary">
<doc>Waits until element ``locator`` is visible.</doc>
<arguments>
<arg>${locator}</arg>
</arguments>
<status status="PASS" starttime="20230511 16:28:51.507" endtime="20230511 16:28:51.544"></status>
</kw>
<kw name="Set Selenium Implicit Wait" library="SeleniumLibrary">
<doc>Sets the implicit wait value used by Selenium.</doc>
<arguments>
<arg>5s</arg>
</arguments>
<status status="PASS" starttime="20230511 16:28:51.545" endtime="20230511 16:28:51.546"></status>
</kw>
<kw name="Scroll Element Into View" library="SeleniumLibrary">
<doc>Scrolls an element identified by ``locator`` into view.</doc>
<arguments>
<arg>${locator}</arg>
</arguments>
<status status="PASS" starttime="20230511 16:28:51.546" endtime="20230511 16:28:51.839"></status>
</kw>
<kw name="Click Element" library="SeleniumLibrary">
<doc>Click element identified by ``locator``.</doc>
<arguments>
<arg>${locator}</arg>
</arguments>
<msg timestamp="20230511 16:28:51.840" level="INFO">Clicking element '//input[@id='button-payment-method']'.</msg>
<status status="PASS" starttime="20230511 16:28:51.840" endtime="20230511 16:28:51.901"></status>
</kw>
<status status="PASS" starttime="20230511 16:28:51.506" endtime="20230511 16:28:51.901"></status>
</kw>
<kw name="Click Element" library="commons">
<arguments>
<arg>${confirmorderbtn}</arg>
</arguments>
<kw name="Wait Until Element Is Visible" library="SeleniumLibrary">
<doc>Waits until element ``locator`` is visible.</doc>
<arguments>
<arg>${locator}</arg>
</arguments>
<status status="PASS" starttime="20230511 16:28:51.902" endtime="20230511 16:28:52.831"></status>
</kw>
<kw name="Set Selenium Implicit Wait" library="SeleniumLibrary">
<doc>Sets the implicit wait value used by Selenium.</doc>
<arguments>
<arg>5s</arg>
</arguments>
<status status="PASS" starttime="20230511 16:28:52.833" endtime="20230511 16:28:52.835"></status>
</kw>
<kw name="Scroll Element Into View" library="SeleniumLibrary">
<doc>Scrolls an element identified by ``locator`` into view.</doc>
<arguments>
<arg>${locator}</arg>
</arguments>
<status status="PASS" starttime="20230511 16:28:52.835" endtime="20230511 16:28:53.145"></status>
</kw>
<kw name="Click Element" library="SeleniumLibrary">
<doc>Click element identified by ``locator``.</doc>
<arguments>
<arg>${locator}</arg>
</arguments>
<msg timestamp="20230511 16:28:53.145" level="INFO">Clicking element '//input[@value='Confirm Order']'.</msg>
<status status="PASS" starttime="20230511 16:28:53.145" endtime="20230511 16:28:53.193"></status>
</kw>
<status status="PASS" starttime="20230511 16:28:51.901" endtime="20230511 16:28:53.194"></status>
</kw>
<kw name="Page Should Contain" library="SeleniumLibrary">
<doc>Verifies that current page contains ``text``.</doc>
<arguments>
<arg>${successtext}</arg>
</arguments>
<msg timestamp="20230511 16:29:05.799" level="INFO">Current page contains text 'Your order has been successfully processed!'.</msg>
<status status="PASS" starttime="20230511 16:28:53.194" endtime="20230511 16:29:05.799"></status>
</kw>
<status status="PASS" starttime="20230511 16:28:43.332" endtime="20230511 16:29:05.800"></status>
</kw>
<kw name="logout and close for user" library="commons" type="teardown">
<kw name="Click Element" library="commons">
<arguments>
<arg>${logoutlogo}</arg>
</arguments>
<kw name="Wait Until Element Is Visible" library="SeleniumLibrary">
<doc>Waits until element ``locator`` is visible.</doc>
<arguments>
<arg>${locator}</arg>
</arguments>
<status status="PASS" starttime="20230511 16:29:05.802" endtime="20230511 16:29:05.833"></status>
</kw>
<kw name="Set Selenium Implicit Wait" library="SeleniumLibrary">
<doc>Sets the implicit wait value used by Selenium.</doc>
<arguments>
<arg>5s</arg>
</arguments>
<status status="PASS" starttime="20230511 16:29:05.834" endtime="20230511 16:29:05.836"></status>
</kw>
<kw name="Scroll Element Into View" library="SeleniumLibrary">
<doc>Scrolls an element identified by ``locator`` into view.</doc>
<arguments>
<arg>${locator}</arg>
</arguments>
<status status="PASS" starttime="20230511 16:29:05.837" endtime="20230511 16:29:06.139"></status>
</kw>
<kw name="Click Element" library="SeleniumLibrary">
<doc>Click element identified by ``locator``.</doc>
<arguments>
<arg>${locator}</arg>
</arguments>
<msg timestamp="20230511 16:29:06.140" level="INFO">Clicking element '//span[@id='cartme']'.</msg>
<status status="PASS" starttime="20230511 16:29:06.139" endtime="20230511 16:29:06.192"></status>
</kw>
<status status="PASS" starttime="20230511 16:29:05.801" endtime="20230511 16:29:06.193"></status>
</kw>
<kw name="Click Element" library="commons">
<arguments>
<arg>${logoutbtn}</arg>
</arguments>
<kw name="Wait Until Element Is Visible" library="SeleniumLibrary">
<doc>Waits until element ``locator`` is visible.</doc>
<arguments>
<arg>${locator}</arg>
</arguments>
<status status="PASS" starttime="20230511 16:29:06.194" endtime="20230511 16:29:06.218"></status>
</kw>
<kw name="Set Selenium Implicit Wait" library="SeleniumLibrary">
<doc>Sets the implicit wait value used by Selenium.</doc>
<arguments>
<arg>5s</arg>
</arguments>
<status status="PASS" starttime="20230511 16:29:06.219" endtime="20230511 16:29:06.222"></status>
</kw>
<kw name="Scroll Element Into View" library="SeleniumLibrary">
<doc>Scrolls an element identified by ``locator`` into view.</doc>
<arguments>
<arg>${locator}</arg>
</arguments>
<status status="PASS" starttime="20230511 16:29:06.222" endtime="20230511 16:29:06.514"></status>
</kw>
<kw name="Click Element" library="SeleniumLibrary">
<doc>Click element identified by ``locator``.</doc>
<arguments>
<arg>${locator}</arg>
</arguments>
<msg timestamp="20230511 16:29:06.514" level="INFO">Clicking element '//a[contains(text(),'Logout')]'.</msg>
<status status="PASS" starttime="20230511 16:29:06.514" endtime="20230511 16:29:08.996"></status>
</kw>
<status status="PASS" starttime="20230511 16:29:06.193" endtime="20230511 16:29:08.997"></status>
</kw>
<kw name="Delete All Cookies" library="SeleniumLibrary">
<doc>Deletes all cookies.</doc>
<status status="PASS" starttime="20230511 16:29:08.997" endtime="20230511 16:29:09.025"></status>
</kw>
<kw name="Close All Browsers" library="SeleniumLibrary">
<doc>Closes all open browsers and resets the browser cache.</doc>
<status status="PASS" starttime="20230511 16:29:09.026" endtime="20230511 16:29:11.322"></status>
</kw>
<status status="PASS" starttime="20230511 16:29:05.800" endtime="20230511 16:29:11.323"></status>
</kw>
<status status="PASS" starttime="20230511 16:28:11.385" endtime="20230511 16:29:11.323" critical="yes"></status>
</test>
<test id="s1-s1-s1-s2-t2" name="change mobile number">
<kw name="Test Setup testcase for user" library="commons" type="setup">
<kw name="setup the browser" library="commons">
<kw name="Evaluate" library="BuiltIn">
<doc>Evaluates the given expression in Python and returns the results.</doc>
<arguments>
<arg>sys.modules['selenium.webdriver'].ChromeOptions()</arg>
<arg>sys, selenium.webdriver</arg>
</arguments>
<assign>
<var>${options}</var>
</assign>
<msg timestamp="20230511 16:29:11.327" level="INFO">${options} = &lt;selenium.webdriver.chrome.options.Options object at 0x0000026CF730A448&gt;</msg>
<status status="PASS" starttime="20230511 16:29:11.327" endtime="20230511 16:29:11.328"></status>
</kw>
<kw name="Call Method" library="BuiltIn">
<doc>Calls the named method of the given object with the provided arguments.</doc>
<arguments>
<arg>${options}</arg>
<arg>add_argument</arg>
<arg>--disable-blink-features\=AutomationControlled</arg>
</arguments>
<status status="PASS" starttime="20230511 16:29:11.328" endtime="20230511 16:29:11.328"></status>
</kw>
<kw name="Call Method" library="BuiltIn">
<doc>Calls the named method of the given object with the provided arguments.</doc>
<arguments>
<arg>${options}</arg>
<arg>add_argument</arg>
<arg>--disable-extensions</arg>
</arguments>
<status status="PASS" starttime="20230511 16:29:11.329" endtime="20230511 16:29:11.329"></status>
</kw>
<kw name="Call Method" library="BuiltIn">
<doc>Calls the named method of the given object with the provided arguments.</doc>
<arguments>
<arg>${options}</arg>
<arg>add_experimental_option</arg>
<arg>useAutomationExtension</arg>
<arg>${False}</arg>
</arguments>
<status status="PASS" starttime="20230511 16:29:11.329" endtime="20230511 16:29:11.329"></status>
</kw>
<kw name="Create List" library="BuiltIn">
<doc>Returns a list containing given items.</doc>
<arguments>
<arg>enable-automation</arg>
</arguments>
<assign>
<var>${excludeSwitches}</var>
</assign>
<msg timestamp="20230511 16:29:11.330" level="INFO">${excludeSwitches} = ['enable-automation']</msg>
<status status="PASS" starttime="20230511 16:29:11.329" endtime="20230511 16:29:11.330"></status>
</kw>
<kw name="Call Method" library="BuiltIn">
<doc>Calls the named method of the given object with the provided arguments.</doc>
<arguments>
<arg>${options}</arg>
<arg>add_experimental_option</arg>
<arg>excludeSwitches</arg>
<arg>${excludeSwitches}</arg>
</arguments>
<status status="PASS" starttime="20230511 16:29:11.330" endtime="20230511 16:29:11.330"></status>
</kw>
<kw name="Call Method" library="BuiltIn">
<doc>Calls the named method of the given object with the provided arguments.</doc>
<arguments>
<arg>${options}</arg>
<arg>add_argument</arg>
<arg>--start-maximized</arg>
</arguments>
<status status="PASS" starttime="20230511 16:29:11.331" endtime="20230511 16:29:11.331"></status>
</kw>
<kw name="Call Method" library="BuiltIn">
<doc>Calls the named method of the given object with the provided arguments.</doc>
<arguments>
<arg>${options}</arg>
<arg>add_argument</arg>
<arg>--profile-directory\=Default</arg>
</arguments>
<status status="PASS" starttime="20230511 16:29:11.331" endtime="20230511 16:29:11.331"></status>
</kw>
<kw name="Create Webdriver" library="SeleniumLibrary">
<doc>Creates an instance of Selenium WebDriver.</doc>
<arguments>
<arg>Chrome</arg>
<arg>chrome_options=${options}</arg>
</arguments>
<msg timestamp="20230511 16:29:11.332" level="INFO">Creating an instance of the Chrome WebDriver.</msg>
<status status="PASS" starttime="20230511 16:29:11.331" endtime="20230511 16:29:12.608"></status>
</kw>
<kw name="Go To" library="SeleniumLibrary">
<doc>Navigates the active browser instance to the provided ``url``.</doc>
<arguments>
<arg>${url}</arg>
</arguments>
<msg timestamp="20230511 16:29:12.610" level="INFO">Opening url 'https://www.jrecommerce.com/demo.php'</msg>
<status status="PASS" starttime="20230511 16:29:12.609" endtime="20230511 16:29:13.788"></status>
</kw>
<status status="PASS" starttime="20230511 16:29:11.326" endtime="20230511 16:29:13.789"></status>
</kw>
<kw name="Go to customer login/signup page of demo application" library="commons">
<kw name="Click Element" library="commons">
<arguments>
<arg>${customerlogin}</arg>
</arguments>
<kw name="Wait Until Element Is Visible" library="SeleniumLibrary">
<doc>Waits until element ``locator`` is visible.</doc>
<arguments>
<arg>${locator}</arg>
</arguments>
[...]
<status status="PASS" starttime="20230511 16:32:07.169" endtime="20230511 16:32:07.169"></status>
</kw>
<kw name="Call Method" library="BuiltIn">
<doc>Calls the named method of the given object with the provided arguments.</doc>
<arguments>
<arg>${options}</arg>
<arg>add_argument</arg>
<arg>--disable-blink-features\=AutomationControlled</arg>
</arguments>
<status status="PASS" starttime="20230511 16:32:07.169" endtime="20230511 16:32:07.170"></status>
</kw>
<kw name="Call Method" library="BuiltIn">
<doc>Calls the named method of the given object with the provided arguments.</doc>
<arguments>
<arg>${options}</arg>
<arg>add_argument</arg>
<arg>--disable-extensions</arg>
</arguments>
<status status="PASS" starttime="20230511 16:32:07.170" endtime="20230511 16:32:07.170"></status>
</kw>
<kw name="Call Method" library="BuiltIn">
<doc>Calls the named method of the given object with the provided arguments.</doc>
<arguments>
<arg>${options}</arg>
<arg>add_experimental_option</arg>
<arg>useAutomationExtension</arg>
<arg>${False}</arg>
</arguments>
<status status="PASS" starttime="20230511 16:32:07.171" endtime="20230511 16:32:07.171"></status>
</kw>
<kw name="Create List" library="BuiltIn">
<doc>Returns a list containing given items.</doc>
<arguments>
<arg>enable-automation</arg>
</arguments>
<assign>
<var>${excludeSwitches}</var>
</assign>
<msg timestamp="20230511 16:32:07.171" level="INFO">${excludeSwitches} = ['enable-automation']</msg>
<status status="PASS" starttime="20230511 16:32:07.171" endtime="20230511 16:32:07.171"></status>
</kw>
<kw name="Call Method" library="BuiltIn">
<doc>Calls the named method of the given object with the provided arguments.</doc>
<arguments>
<arg>${options}</arg>
<arg>add_experimental_option</arg>
<arg>excludeSwitches</arg>
<arg>${excludeSwitches}</arg>
</arguments>
<status status="PASS" starttime="20230511 16:32:07.172" endtime="20230511 16:32:07.172"></status>
</kw>
<kw name="Call Method" library="BuiltIn">
<doc>Calls the named method of the given object with the provided arguments.</doc>
<arguments>
<arg>${options}</arg>
<arg>add_argument</arg>
<arg>--start-maximized</arg>
</arguments>
<status status="PASS" starttime="20230511 16:32:07.172" endtime="20230511 16:32:07.172"></status>
</kw>
<kw name="Call Method" library="BuiltIn">
<doc>Calls the named method of the given object with the provided arguments.</doc>
<arguments>
<arg>${options}</arg>
<arg>add_argument</arg>
<arg>--profile-directory\=Default</arg>
</arguments>
<status status="PASS" starttime="20230511 16:32:07.172" endtime="20230511 16:32:07.173"></status>
</kw>
<kw name="Create Webdriver" library="SeleniumLibrary">
<doc>Creates an instance of Selenium WebDriver.</doc>
<arguments>
<arg>Chrome</arg>
<arg>chrome_options=${options}</arg>
</arguments>
<msg timestamp="20230511 16:32:07.173" level="INFO">Creating an instance of the Chrome WebDriver.</msg>
<status status="PASS" starttime="20230511 16:32:07.173" endtime="20230511 16:32:08.436"></status>
</kw>
<kw name="Go To" library="SeleniumLibrary">
<doc>Navigates the active browser instance to the provided ``url``.</doc>
<arguments>
<arg>${url}</arg>
</arguments>
<msg timestamp="20230511 16:32:08.439" level="INFO">Opening url 'https://www.jrecommerce.com/demo.php'</msg>
<status status="PASS" starttime="20230511 16:32:08.438" endtime="20230511 16:32:15.962"></status>
</kw>
<status status="PASS" starttime="20230511 16:32:07.168" endtime="20230511 16:32:15.964"></status>
</kw>
<kw name="go to demoadmin page" library="001_Setup">
<kw name="Click Element" library="commons">
<arguments>
<arg>${adminpanel}</arg>
</arguments>
<kw name="Wait Until Element Is Visible" library="SeleniumLibrary">
<doc>Waits until element ``locator`` is visible.</doc>
<arguments>
<arg>${locator}</arg>
</arguments>
<status status="PASS" starttime="20230511 16:32:15.969" endtime="20230511 16:32:16.024"></status>
</kw>
<kw name="Set Selenium Implicit Wait" library="SeleniumLibrary">
<doc>Sets the implicit wait value used by Selenium.</doc>
<arguments>
<arg>5s</arg>
</arguments>
<status status="PASS" starttime="20230511 16:32:16.024" endtime="20230511 16:32:16.028"></status>
</kw>
<kw name="Scroll Element Into View" library="SeleniumLibrary">
<doc>Scrolls an element identified by ``locator`` into view.</doc>
<arguments>
<arg>${locator}</arg>
</arguments>
<status status="PASS" starttime="20230511 16:32:16.029" endtime="20230511 16:32:16.325"></status>
</kw>
<kw name="Click Element" library="SeleniumLibrary">
<doc>Click element identified by ``locator``.</doc>
<arguments>
<arg>${locator}</arg>
</arguments>
<msg timestamp="20230511 16:32:16.327" level="INFO">Clicking element '//a[normalize-space()='Admin Login']'.</msg>
<status status="PASS" starttime="20230511 16:32:16.326" endtime="20230511 16:32:16.470"></status>
</kw>
<status status="PASS" starttime="20230511 16:32:15.968" endtime="20230511 16:32:16.471"></status>
</kw>
<status status="PASS" starttime="20230511 16:32:15.965" endtime="20230511 16:32:16.471"></status>
</kw>
<kw name="Select Window" library="SeleniumLibrary">
<doc>Selects browser window matching ``locator``.</doc>
<arguments>
<arg>NEW</arg>
</arguments>
<status status="PASS" starttime="20230511 16:32:16.472" endtime="20230511 16:32:16.490"></status>
</kw>
<kw name="Element Should Be Enabled" library="SeleniumLibrary">
<doc>Verifies that element identified with ``locator`` is enabled.</doc>
<arguments>
<arg>${usernamelocator}</arg>
</arguments>
<status status="PASS" starttime="20230511 16:32:16.490" endtime="20230511 16:32:19.895"></status>
</kw>
<kw name="Input Text" library="commons">
<arguments>
<arg>${usernamelocator}</arg>
<arg>${usernameadmin}</arg>
</arguments>
<kw name="Wait Until Element Is Visible" library="SeleniumLibrary">
<doc>Waits until element ``locator`` is visible.</doc>
<arguments>
<arg>${locator}</arg>
</arguments>
<status status="PASS" starttime="20230511 16:32:19.896" endtime="20230511 16:32:19.918"></status>
</kw>
<kw name="Scroll Element Into View" library="SeleniumLibrary">
<doc>Scrolls an element identified by ``locator`` into view.</doc>
<arguments>
<arg>${locator}</arg>
</arguments>
<status status="PASS" starttime="20230511 16:32:19.918" endtime="20230511 16:32:20.195"></status>
</kw>
<kw name="Input Text" library="SeleniumLibrary">
<doc>Types the given ``text`` into text field identified by ``locator``.</doc>
<arguments>
<arg>${locator}</arg>
<arg>${data}</arg>
</arguments>
<msg timestamp="20230511 16:32:20.196" level="INFO">Typing text 'demoadmin' into text field '//input[@id='input-username']'.</msg>
<status status="PASS" starttime="20230511 16:32:20.195" endtime="20230511 16:32:20.294"></status>
</kw>
<status status="PASS" starttime="20230511 16:32:19.895" endtime="20230511 16:32:20.295"></status>
</kw>
<kw name="Input Text" library="commons">
<arguments>
<arg>${passwordlocator}</arg>
<arg>${passwordadmin}</arg>
</arguments>
<kw name="Wait Until Element Is Visible" library="SeleniumLibrary">
<doc>Waits until element ``locator`` is visible.</doc>
<arguments>
<arg>${locator}</arg>
</arguments>
<status status="PASS" starttime="20230511 16:32:20.296" endtime="20230511 16:32:20.323"></status>
</kw>
<kw name="Scroll Element Into View" library="SeleniumLibrary">
<doc>Scrolls an element identified by ``locator`` into view.</doc>
<arguments>
<arg>${locator}</arg>
</arguments>
<status status="PASS" starttime="20230511 16:32:20.323" endtime="20230511 16:32:20.606"></status>
</kw>
<kw name="Input Text" library="SeleniumLibrary">
<doc>Types the given ``text`` into text field identified by ``locator``.</doc>
<arguments>
<arg>${locator}</arg>
<arg>${data}</arg>
</arguments>
<msg timestamp="20230511 16:32:20.608" level="INFO">Typing text 'demopass' into text field 'xpath=//input[@id='input-password']'.</msg>
<status status="PASS" starttime="20230511 16:32:20.607" endtime="20230511 16:32:20.777"></status>
</kw>
<status status="PASS" starttime="20230511 16:32:20.295" endtime="20230511 16:32:20.778"></status>
</kw>
<kw name="Click Element" library="commons">
<arguments>
<arg>${loginbtnadmin}</arg>
</arguments>
<kw name="Wait Until Element Is Visible" library="SeleniumLibrary">
<doc>Waits until element ``locator`` is visible.</doc>
<arguments>
<arg>${locator}</arg>
</arguments>
<status status="PASS" starttime="20230511 16:32:20.779" endtime="20230511 16:32:20.845"></status>
</kw>
<kw name="Set Selenium Implicit Wait" library="SeleniumLibrary">
<doc>Sets the implicit wait value used by Selenium.</doc>
<arguments>
<arg>5s</arg>
</arguments>
<status status="PASS" starttime="20230511 16:32:20.845" endtime="20230511 16:32:20.848"></status>
</kw>
<kw name="Scroll Element Into View" library="SeleniumLibrary">
<doc>Scrolls an element identified by ``locator`` into view.</doc>
<arguments>
<arg>${locator}</arg>
</arguments>
<status status="PASS" starttime="20230511 16:32:20.848" endtime="20230511 16:32:21.157"></status>
</kw>
<kw name="Click Element" library="SeleniumLibrary">
<doc>Click element identified by ``locator``.</doc>
<arguments>
<arg>${locator}</arg>
</arguments>
<msg timestamp="20230511 16:32:21.160" level="INFO">Clicking element 'css:.btn'.</msg>
<status status="PASS" starttime="20230511 16:32:21.159" endtime="20230511 16:32:25.607"></status>
</kw>
<status status="PASS" starttime="20230511 16:32:20.778" endtime="20230511 16:32:25.607"></status>
</kw>
<kw name="Page Should Contain" library="SeleniumLibrary">
<doc>Verifies that current page contains ``text``.</doc>
<arguments>
<arg>${dashboardtxt}</arg>
</arguments>
<msg timestamp="20230511 16:32:25.645" level="INFO">Current page contains text 'Dashboard'.</msg>
<status status="PASS" starttime="20230511 16:32:25.608" endtime="20230511 16:32:25.645"></status>
</kw>
<status status="PASS" starttime="20230511 16:32:07.166" endtime="20230511 16:32:25.646"></status>
</kw>
<kw name="verify products across all page" library="001_Setup">
<kw name="Click Element" library="commons">
<arguments>
<arg>${admin_catalog}</arg>
</arguments>
<kw name="Wait Until Element Is Visible" library="SeleniumLibrary">
<doc>Waits until element ``locator`` is visible.</doc>
<arguments>
<arg>${locator}</arg>
</arguments>
<status status="PASS" starttime="20230511 16:32:25.648" endtime="20230511 16:32:25.686"></status>
</kw>
<kw name="Set Selenium Implicit Wait" library="SeleniumLibrary">
<doc>Sets the implicit wait value used by Selenium.</doc>
<arguments>
<arg>5s</arg>
</arguments>
<status status="PASS" starttime="20230511 16:32:25.686" endtime="20230511 16:32:25.688"></status>
</kw>
<kw name="Scroll Element Into View" library="SeleniumLibrary">
<doc>Scrolls an element identified by ``locator`` into view.</doc>
<arguments>
<arg>${locator}</arg>
</arguments>
<status status="PASS" starttime="20230511 16:32:25.689" endtime="20230511 16:32:25.973"></status>
</kw>
<kw name="Click Element" library="SeleniumLibrary">
<doc>Click element identified by ``locator``.</doc>
<arguments>
<arg>${locator}</arg>
</arguments>
<msg timestamp="20230511 16:32:25.974" level="INFO">Clicking element '//a[normalize-space()='Catalog']'.</msg>
<status status="PASS" starttime="20230511 16:32:25.973" endtime="20230511 16:32:26.031"></status>
</kw>
<status status="PASS" starttime="20230511 16:32:25.647" endtime="20230511 16:32:26.031"></status>
</kw>
<kw name="Click Element" library="commons">
<arguments>
<arg>${admin_products}</arg>
</arguments>
<kw name="Wait Until Element Is Visible" library="SeleniumLibrary">
<doc>Waits until element ``locator`` is visible.</doc>
<arguments>
<arg>${locator}</arg>
</arguments>
<status status="PASS" starttime="20230511 16:32:26.034" endtime="20230511 16:32:26.292"></status>
</kw>
<kw name="Set Selenium Implicit Wait" library="SeleniumLibrary">
<doc>Sets the implicit wait value used by Selenium.</doc>
<arguments>
<arg>5s</arg>
</arguments>
<status status="PASS" starttime="20230511 16:32:26.292" endtime="20230511 16:32:26.293"></status>
</kw>
<kw name="Scroll Element Into View" library="SeleniumLibrary">
<doc>Scrolls an element identified by ``locator`` into view.</doc>
<arguments>
<arg>${locator}</arg>
</arguments>
<status status="PASS" starttime="20230511 16:32:26.293" endtime="20230511 16:32:26.571"></status>
</kw>
<kw name="Click Element" library="SeleniumLibrary">
<doc>Click element identified by ``locator``.</doc>
<arguments>
<arg>${locator}</arg>
</arguments>
<msg timestamp="20230511 16:32:26.571" level="INFO">Clicking element '//a[normalize-space()='Products']'.</msg>
<status status="PASS" starttime="20230511 16:32:26.571" endtime="20230511 16:32:28.241"></status>
</kw>
<status status="PASS" starttime="20230511 16:32:26.032" endtime="20230511 16:32:28.241"></status>
</kw>
<kw name="Create List" library="BuiltIn">
<doc>Returns a list containing given items.</doc>
<arguments>
<arg>Boys Kurta Pajama</arg>
<arg>The Lyra Pendant</arg>
</arguments>
<assign>
<var>@{allProducts}</var>
</assign>
<msg timestamp="20230511 16:32:28.243" level="INFO">@{allProducts} = [ Boys Kurta Pajama | The Lyra Pendant ]</msg>
<status status="PASS" starttime="20230511 16:32:28.242" endtime="20230511 16:32:28.243"></status>
</kw>
<kw name="Create List" library="BuiltIn">
<doc>Returns a list containing given items.</doc>
<arguments>
<arg>57</arg>
<arg>61</arg>
</arguments>
<assign>
<var>${values}</var>
</assign>
<msg timestamp="20230511 16:32:28.245" level="INFO">${values} = ['57', '61']</msg>
<status status="PASS" starttime="20230511 16:32:28.244" endtime="20230511 16:32:28.245"></status>
</kw>
<kw name="Iterate Through Values" library="ExperimentalLibrary.iteratePage">
<arguments>
<arg>${allProducts}</arg>
<arg>${values}</arg>
</arguments>
<msg timestamp="20230511 16:32:28.291" level="INFO">Clicking element '//input[@value='57']'.</msg>
<msg timestamp="20230511 16:32:28.378" level="INFO">Clicking element '//input[@value='61']'.</msg>
<status status="PASS" starttime="20230511 16:32:28.246" endtime="20230511 16:32:28.438"></status>
</kw>
<kw name="Click Element" library="commons">
<arguments>
<arg>${deletebtn}</arg>
</arguments>
<kw name="Wait Until Element Is Visible" library="SeleniumLibrary">
<doc>Waits until element ``locator`` is visible.</doc>
<arguments>
<arg>${locator}</arg>
</arguments>
<status status="PASS" starttime="20230511 16:32:28.439" endtime="20230511 16:32:28.473"></status>
</kw>
<kw name="Set Selenium Implicit Wait" library="SeleniumLibrary">
<doc>Sets the implicit wait value used by Selenium.</doc>
<arguments>
<arg>5s</arg>
</arguments>
<status status="PASS" starttime="20230511 16:32:28.473" endtime="20230511 16:32:28.475"></status>
</kw>
<kw name="Scroll Element Into View" library="SeleniumLibrary">
<doc>Scrolls an element identified by ``locator`` into view.</doc>
<arguments>
<arg>${locator}</arg>
</arguments>
<status status="PASS" starttime="20230511 16:32:28.475" endtime="20230511 16:32:28.768"></status>
</kw>
<kw name="Click Element" library="SeleniumLibrary">
<doc>Click element identified by ``locator``.</doc>
<arguments>
<arg>${locator}</arg>
</arguments>
<msg timestamp="20230511 16:32:28.769" level="INFO">Clicking element 'css:.btn-danger'.</msg>
<status status="PASS" starttime="20230511 16:32:28.768" endtime="20230511 16:32:28.811"></status>
</kw>
<status status="PASS" starttime="20230511 16:32:28.438" endtime="20230511 16:32:28.812"></status>
</kw>
<kw name="Handle Alert" library="SeleniumLibrary">
<doc>Handles the current alert and returns its message.</doc>
<arguments>
<arg>ACCEPT</arg>
</arguments>
<status status="PASS" starttime="20230511 16:32:28.812" endtime="20230511 16:32:28.822"></status>
</kw>
<kw name="Wait Until Element Is Visible" library="SeleniumLibrary">
<doc>Waits until element ``locator`` is visible.</doc>
<arguments>
<arg>${deletealert}</arg>
</arguments>
<status status="PASS" starttime="20230511 16:32:28.823" endtime="20230511 16:32:30.180"></status>
</kw>
<kw name="Page Should Contain Element" library="SeleniumLibrary">
<doc>Verifies that element ``locator`` is found on the current page.</doc>
<arguments>
<arg>${deletealert}</arg>
</arguments>
<msg timestamp="20230511 16:32:30.188" level="INFO">Current page contains element 'css:.alert-danger'.</msg>
<status status="PASS" starttime="20230511 16:32:30.180" endtime="20230511 16:32:30.189"></status>
</kw>
<status status="PASS" starttime="20230511 16:32:25.646" endtime="20230511 16:32:30.189"></status>
</kw>
<kw name="teardown for admin" library="001_Setup" type="teardown">
<kw name="Click Element" library="commons">
<arguments>
<arg>${logoutadmin}</arg>
</arguments>
<kw name="Wait Until Element Is Visible" library="SeleniumLibrary">
<doc>Waits until element ``locator`` is visible.</doc>
<arguments>
<arg>${locator}</arg>
</arguments>
<status status="PASS" starttime="20230511 16:32:30.191" endtime="20230511 16:32:30.210"></status>
</kw>
<kw name="Set Selenium Implicit Wait" library="SeleniumLibrary">
<doc>Sets the implicit wait value used by Selenium.</doc>
<arguments>
<arg>5s</arg>
</arguments>
<status status="PASS" starttime="20230511 16:32:30.211" endtime="20230511 16:32:30.212"></status>
</kw>
<kw name="Scroll Element Into View" library="SeleniumLibrary">
<doc>Scrolls an element identified by ``locator`` into view.</doc>
<arguments>
<arg>${locator}</arg>
</arguments>
<status status="PASS" starttime="20230511 16:32:30.213" endtime="20230511 16:32:30.488"></status>
</kw>
<kw name="Click Element" library="SeleniumLibrary">
<doc>Click element identified by ``locator``.</doc>
<arguments>
<arg>${locator}</arg>
</arguments>
<msg timestamp="20230511 16:32:30.489" level="INFO">Clicking element '//span[contains(text(),'Logout')]'.</msg>
<status status="PASS" starttime="20230511 16:32:30.488" endtime="20230511 16:32:32.846"></status>
</kw>
<status status="PASS" starttime="20230511 16:32:30.190" endtime="20230511 16:32:32.847"></status>
</kw>
<kw name="Close All Browsers" library="SeleniumLibrary">
<doc>Closes all open browsers and resets the browser cache.</doc>
<status status="PASS" starttime="20230511 16:32:32.848" endtime="20230511 16:32:35.090"></status>
</kw>
<status status="PASS" starttime="20230511 16:32:30.189" endtime="20230511 16:32:35.091"></status>
</kw>
<status status="PASS" starttime="20230511 16:32:07.164" endtime="20230511 16:32:35.091" critical="yes"></status>
</test>
<status status="PASS" starttime="20230511 16:31:26.308" endtime="20230511 16:32:35.092"></status>
</suite>
<status status="PASS" starttime="20230511 16:31:26.303" endtime="20230511 16:32:35.099"></status>
</suite>
<status status="FAIL" starttime="20230511 16:27:48.341" endtime="20230511 16:32:35.104"></status>
</suite>
<status status="FAIL" starttime="20230511 16:27:48.318" endtime="20230511 16:32:35.112"></status>
</suite>
<statistics>
<total>
<stat pass="11" fail="1">Critical Tests</stat>
<stat pass="11" fail="1">All Tests</stat>
</total>
<tag>
</tag>
<suite>
<stat pass="11" fail="1" id="s1" name="JReCommerce">JReCommerce</stat>
<stat pass="11" fail="1" id="s1-s1" name="Tests">JReCommerce.Tests</stat>
<stat pass="4" fail="0" id="s1-s1-s1" name="001 DemoUser">JReCommerce.Tests.001 DemoUser</stat>
<stat pass="2" fail="0" id="s1-s1-s1-s1" name="001 Setup">JReCommerce.Tests.001 DemoUser.001 Setup</stat>
<stat pass="2" fail="0" id="s1-s1-s1-s2" name="002 Purchase">JReCommerce.Tests.001 DemoUser.002 Purchase</stat>
<stat pass="4" fail="1" id="s1-s1-s2" name="002 DemoVendor">JReCommerce.Tests.002 DemoVendor</stat>
<stat pass="0" fail="1" id="s1-s1-s2-s1" name="001 Setup">JReCommerce.Tests.002 DemoVendor.001 Setup</stat>
<stat pass="4" fail="0" id="s1-s1-s2-s2" name="002 VendorHomepage">JReCommerce.Tests.002 DemoVendor.002 VendorHomepage</stat>
<stat pass="3" fail="0" id="s1-s1-s3" name="003 DemoAdmin">JReCommerce.Tests.003 DemoAdmin</stat>
<stat pass="3" fail="0" id="s1-s1-s3-s1" name="001 Setup">JReCommerce.Tests.003 DemoAdmin.001 Setup</stat>
</suite>
</statistics>
<errors>
</errors>
</robot>
